#
# There is insufficient memory for the Java Runtime Environment to continue.
# Native memory allocation (malloc) failed to allocate 1445456 bytes for Chunk::new
# Possible reasons:
#   The system is out of physical RAM or swap space
#   The process is running with CompressedOops enabled, and the Java Heap may be blocking the growth of the native heap
# Possible solutions:
#   Reduce memory load on the system
#   Increase physical memory or swap space
#   Check if swap backing store is full
#   Decrease Java heap size (-Xmx/-Xms)
#   Decrease number of Java threads
#   Decrease Java thread stack sizes (-Xss)
#   Set larger code cache with -XX:ReservedCodeCacheSize=
#   JVM is running with Unscaled Compressed Oops mode in which the Java heap is
#     placed in the first 4GB address space. The Java Heap base address is the
#     maximum limit for the native heap growth. Please use -XX:HeapBaseMinAddress
#     to set the Java Heap base and to place the Java Heap above 4GB virtual address.
# This output file may be truncated or incomplete.
#
#  Out of Memory Error (./open/src/hotspot/share/memory/arena.cpp:197), pid=103332, tid=103548
#
# JRE version: Java(TM) SE Runtime Environment 18.9 (11.0.11+9) (build 11.0.11+9-LTS-194)
# Java VM: Java HotSpot(TM) 64-Bit Server VM 18.9 (11.0.11+9-LTS-194, mixed mode, tiered, compressed oops, g1 gc, windows-amd64)
# No core dump will be written. Minidumps are not enabled by default on client versions of Windows
#

---------------  S U M M A R Y ------------

Command Line: -Dorg.gradle.native=false -Xmx512m -Dfile.encoding=x-windows-949 -Duser.country=KR -Duser.language=ko -Duser.variant -ea worker.org.gradle.process.internal.worker.GradleWorkerMain 'Gradle Test Executor 2'

Host: Intel(R) Core(TM) i5-8250U CPU @ 1.60GHz, 8 cores, 7G,  Windows 10 , 64 bit Build 19041 (10.0.19041.1202)
Time: Mon Oct 11 17:41:56 2021 대한민국 표준시 elapsed time: 25.335977 seconds (0d 0h 0m 25s)

---------------  T H R E A D  ---------------

Current thread (0x00000220bc1fa000):  JavaThread "C2 CompilerThread1" daemon [_thread_in_native, id=103548, stack(0x00000039f2600000,0x00000039f2700000)]


Current CompileTask:
C2:  25336 4068       4       org.springframework.asm.ClassReader::readElementValue (1237 bytes)

Stack: [0x00000039f2600000,0x00000039f2700000]
Native frames: (J=compiled Java code, j=interpreted, Vv=VM code, C=native code)
V  [jvm.dll+0x616f2a]
V  [jvm.dll+0x74de7f]
V  [jvm.dll+0x74f505]
V  [jvm.dll+0x74fb83]
V  [jvm.dll+0x2436d8]
V  [jvm.dll+0xba68c]
V  [jvm.dll+0xbad8c]
V  [jvm.dll+0x346272]
V  [jvm.dll+0x3140c3]
V  [jvm.dll+0x31340a]
V  [jvm.dll+0x1fd045]
V  [jvm.dll+0x1fc22f]
V  [jvm.dll+0x17f0bc]
V  [jvm.dll+0x20b68c]
V  [jvm.dll+0x20978b]
V  [jvm.dll+0x7152c9]
V  [jvm.dll+0x70dfc4]
V  [jvm.dll+0x6160f6]
C  [ucrtbase.dll+0x21bb2]
C  [KERNEL32.DLL+0x17034]
C  [ntdll.dll+0x52651]


---------------  P R O C E S S  ---------------

Threads class SMR info:
_java_thread_list=0x00000220bdbfa7e0, length=14, elements={
0x000002209bf4c800, 0x00000220b934b000, 0x00000220b936c800, 0x00000220b9398800,
0x00000220b939a000, 0x00000220b939b800, 0x00000220b939f000, 0x00000220b9cf6000,
0x00000220b9f56800, 0x00000220b9db9000, 0x00000220ba966000, 0x00000220ba9f0800,
0x00000220ba920800, 0x00000220bc1fa000
}

Java Threads: ( => current thread )
  0x000002209bf4c800 JavaThread "main" [_thread_blocked, id=103036, stack(0x00000039f0900000,0x00000039f0a00000)]
  0x00000220b934b000 JavaThread "Reference Handler" daemon [_thread_blocked, id=103012, stack(0x00000039f1000000,0x00000039f1100000)]
  0x00000220b936c800 JavaThread "Finalizer" daemon [_thread_blocked, id=103188, stack(0x00000039f1100000,0x00000039f1200000)]
  0x00000220b9398800 JavaThread "Signal Dispatcher" daemon [_thread_blocked, id=25712, stack(0x00000039f1200000,0x00000039f1300000)]
  0x00000220b939a000 JavaThread "Attach Listener" daemon [_thread_blocked, id=102792, stack(0x00000039f1300000,0x00000039f1400000)]
  0x00000220b939b800 JavaThread "C2 CompilerThread0" daemon [_thread_in_native, id=99932, stack(0x00000039f1400000,0x00000039f1500000)]
  0x00000220b939f000 JavaThread "C1 CompilerThread0" daemon [_thread_in_vm, id=99052, stack(0x00000039f1500000,0x00000039f1600000)]
  0x00000220b9cf6000 JavaThread "Sweeper thread" daemon [_thread_blocked, id=102824, stack(0x00000039f1600000,0x00000039f1700000)]
  0x00000220b9f56800 JavaThread "Service Thread" daemon [_thread_blocked, id=98456, stack(0x00000039f1700000,0x00000039f1800000)]
  0x00000220b9db9000 JavaThread "Common-Cleaner" daemon [_thread_blocked, id=86444, stack(0x00000039f1900000,0x00000039f1a00000)]
  0x00000220ba966000 JavaThread "Test worker" [_thread_in_native, id=102804, stack(0x00000039f1b00000,0x00000039f1c00000)]
  0x00000220ba9f0800 JavaThread "/127.0.0.1:6198 to /127.0.0.1:6195 workers Thread 2" [_thread_blocked, id=95944, stack(0x00000039f1c00000,0x00000039f1d00000)]
  0x00000220ba920800 JavaThread "/127.0.0.1:6198 to /127.0.0.1:6195 workers Thread 3" [_thread_in_native, id=102196, stack(0x00000039f1d00000,0x00000039f1e00000)]
=>0x00000220bc1fa000 JavaThread "C2 CompilerThread1" daemon [_thread_in_native, id=103548, stack(0x00000039f2600000,0x00000039f2700000)]

Other Threads:
  0x00000220b9348800 VMThread "VM Thread" [stack: 0x00000039f0f00000,0x00000039f1000000] [id=57104]
  0x00000220b9db6800 WatcherThread [stack: 0x00000039f1800000,0x00000039f1900000] [id=102672]
  0x000002209bf60800 GCTaskThread "GC Thread#0" [stack: 0x00000039f0a00000,0x00000039f0b00000] [id=102224]
  0x00000220bad80800 GCTaskThread "GC Thread#1" [stack: 0x00000039f1f00000,0x00000039f2000000] [id=102880]
  0x00000220bad77000 GCTaskThread "GC Thread#2" [stack: 0x00000039f2000000,0x00000039f2100000] [id=101784]
  0x00000220bad2e800 GCTaskThread "GC Thread#3" [stack: 0x00000039f2100000,0x00000039f2200000] [id=102540]
  0x00000220bb550800 GCTaskThread "GC Thread#4" [stack: 0x00000039f2200000,0x00000039f2300000] [id=102760]
  0x00000220bb5af000 GCTaskThread "GC Thread#5" [stack: 0x00000039f2300000,0x00000039f2400000] [id=100908]
  0x00000220bb5ae000 GCTaskThread "GC Thread#6" [stack: 0x00000039f2400000,0x00000039f2500000] [id=102052]
  0x00000220bb5b0800 GCTaskThread "GC Thread#7" [stack: 0x00000039f2500000,0x00000039f2600000] [id=101544]
  0x000002209bf76000 ConcurrentGCThread "G1 Main Marker" [stack: 0x00000039f0b00000,0x00000039f0c00000] [id=102868]
  0x000002209bf78800 ConcurrentGCThread "G1 Conc#0" [stack: 0x00000039f0c00000,0x00000039f0d00000] [id=69536]
  0x00000220bb5b5800 ConcurrentGCThread "G1 Conc#1" [stack: 0x00000039f1e00000,0x00000039f1f00000] [id=102644]
  0x000002209c011000 ConcurrentGCThread "G1 Refine#0" [stack: 0x00000039f0d00000,0x00000039f0e00000] [id=65008]
  0x000002209c012000 ConcurrentGCThread "G1 Young RemSet Sampling" [stack: 0x00000039f0e00000,0x00000039f0f00000] [id=101812]

Threads with active compile tasks:
C2 CompilerThread0  25436 4114   !   4       java.util.concurrent.ConcurrentHashMap::putVal (432 bytes)
C2 CompilerThread1  25437 4068       4       org.springframework.asm.ClassReader::readElementValue (1237 bytes)

VM state:not at safepoint (normal execution)

VM Mutex/Monitor currently owned by a thread: None

Heap address: 0x00000000e0000000, size: 512 MB, Compressed Oops mode: 32-bit
Narrow klass base: 0x0000000000000000, Narrow klass shift: 3
Compressed class space size: 1073741824 Address: 0x0000000100000000

Heap:
 garbage-first heap   total 129024K, used 63785K [0x00000000e0000000, 0x0000000100000000)
  region size 1024K, 51 young (52224K), 6 survivors (6144K)
 Metaspace       used 46409K, capacity 47728K, committed 48000K, reserved 1091584K
  class space    used 5681K, capacity 6203K, committed 6272K, reserved 1048576K
Heap Regions: E=young(eden), S=young(survivor), O=old, HS=humongous(starts), HC=humongous(continues), CS=collection set, F=free, A=archive, TAMS=top-at-mark-start (previous, next)
|   0|0x00000000e0000000, 0x00000000e0100000, 0x00000000e0100000|100%|HS|  |TAMS 0x00000000e0100000, 0x00000000e0000000| Complete 
|   1|0x00000000e0100000, 0x00000000e0200000, 0x00000000e0200000|100%| O|  |TAMS 0x00000000e0200000, 0x00000000e0100000| Untracked 
|   2|0x00000000e0200000, 0x00000000e0300000, 0x00000000e0300000|100%| O|  |TAMS 0x00000000e0300000, 0x00000000e0200000| Untracked 
|   3|0x00000000e0300000, 0x00000000e0400000, 0x00000000e0400000|100%| O|  |TAMS 0x00000000e0400000, 0x00000000e0300000| Untracked 
|   4|0x00000000e0400000, 0x00000000e0500000, 0x00000000e0500000|100%| O|  |TAMS 0x00000000e0500000, 0x00000000e0400000| Untracked 
|   5|0x00000000e0500000, 0x00000000e0600000, 0x00000000e0600000|100%| O|  |TAMS 0x00000000e0600000, 0x00000000e0500000| Untracked 
|   6|0x00000000e0600000, 0x00000000e0700000, 0x00000000e0700000|100%| O|  |TAMS 0x00000000e0700000, 0x00000000e0600000| Untracked 
|   7|0x00000000e0700000, 0x00000000e0800000, 0x00000000e0800000|100%| O|  |TAMS 0x00000000e0800000, 0x00000000e0700000| Untracked 
|   8|0x00000000e0800000, 0x00000000e0900000, 0x00000000e0900000|100%| O|  |TAMS 0x00000000e0900000, 0x00000000e0800000| Untracked 
|   9|0x00000000e0900000, 0x00000000e0a00000, 0x00000000e0a00000|100%| O|  |TAMS 0x00000000e0a00000, 0x00000000e0900000| Untracked 
|  10|0x00000000e0a00000, 0x00000000e0b00000, 0x00000000e0b00000|100%| O|  |TAMS 0x00000000e0b00000, 0x00000000e0a00000| Untracked 
|  11|0x00000000e0b00000, 0x00000000e0c00000, 0x00000000e0c00000|100%| O|  |TAMS 0x00000000e0c00000, 0x00000000e0b00000| Untracked 
|  12|0x00000000e0c00000, 0x00000000e0d00000, 0x00000000e0d00000|100%| O|  |TAMS 0x00000000e0c34a00, 0x00000000e0c00000| Untracked 
|  13|0x00000000e0d00000, 0x00000000e0d00000, 0x00000000e0e00000|  0%| F|  |TAMS 0x00000000e0d00000, 0x00000000e0d00000| Untracked 
|  14|0x00000000e0e00000, 0x00000000e0ecde00, 0x00000000e0f00000| 80%| O|  |TAMS 0x00000000e0e00000, 0x00000000e0e00000| Untracked 
|  15|0x00000000e0f00000, 0x00000000e0f00000, 0x00000000e1000000|  0%| F|  |TAMS 0x00000000e0f00000, 0x00000000e0f00000| Untracked 
|  16|0x00000000e1000000, 0x00000000e1000000, 0x00000000e1100000|  0%| F|  |TAMS 0x00000000e1000000, 0x00000000e1000000| Untracked 
|  17|0x00000000e1100000, 0x00000000e1100000, 0x00000000e1200000|  0%| F|  |TAMS 0x00000000e1100000, 0x00000000e1100000| Untracked 
|  18|0x00000000e1200000, 0x00000000e1200000, 0x00000000e1300000|  0%| F|  |TAMS 0x00000000e1200000, 0x00000000e1200000| Untracked 
|  19|0x00000000e1300000, 0x00000000e1300000, 0x00000000e1400000|  0%| F|  |TAMS 0x00000000e1300000, 0x00000000e1300000| Untracked 
|  20|0x00000000e1400000, 0x00000000e1400000, 0x00000000e1500000|  0%| F|  |TAMS 0x00000000e1400000, 0x00000000e1400000| Untracked 
|  21|0x00000000e1500000, 0x00000000e1500000, 0x00000000e1600000|  0%| F|  |TAMS 0x00000000e1500000, 0x00000000e1500000| Untracked 
|  22|0x00000000e1600000, 0x00000000e1600000, 0x00000000e1700000|  0%| F|  |TAMS 0x00000000e1600000, 0x00000000e1600000| Untracked 
|  23|0x00000000e1700000, 0x00000000e1700000, 0x00000000e1800000|  0%| F|  |TAMS 0x00000000e1700000, 0x00000000e1700000| Untracked 
|  24|0x00000000e1800000, 0x00000000e1800000, 0x00000000e1900000|  0%| F|  |TAMS 0x00000000e1800000, 0x00000000e1800000| Untracked 
|  25|0x00000000e1900000, 0x00000000e1900000, 0x00000000e1a00000|  0%| F|  |TAMS 0x00000000e1900000, 0x00000000e1900000| Untracked 
|  26|0x00000000e1a00000, 0x00000000e1a00000, 0x00000000e1b00000|  0%| F|  |TAMS 0x00000000e1a00000, 0x00000000e1a00000| Untracked 
|  27|0x00000000e1b00000, 0x00000000e1b00000, 0x00000000e1c00000|  0%| F|  |TAMS 0x00000000e1b00000, 0x00000000e1b00000| Untracked 
|  28|0x00000000e1c00000, 0x00000000e1c00000, 0x00000000e1d00000|  0%| F|  |TAMS 0x00000000e1c00000, 0x00000000e1c00000| Untracked 
|  29|0x00000000e1d00000, 0x00000000e1d00000, 0x00000000e1e00000|  0%| F|  |TAMS 0x00000000e1d00000, 0x00000000e1d00000| Untracked 
|  30|0x00000000e1e00000, 0x00000000e1e00000, 0x00000000e1f00000|  0%| F|  |TAMS 0x00000000e1e00000, 0x00000000e1e00000| Untracked 
|  31|0x00000000e1f00000, 0x00000000e1f00000, 0x00000000e2000000|  0%| F|  |TAMS 0x00000000e1f00000, 0x00000000e1f00000| Untracked 
|  32|0x00000000e2000000, 0x00000000e2000000, 0x00000000e2100000|  0%| F|  |TAMS 0x00000000e2000000, 0x00000000e2000000| Untracked 
|  33|0x00000000e2100000, 0x00000000e2100000, 0x00000000e2200000|  0%| F|  |TAMS 0x00000000e2100000, 0x00000000e2100000| Untracked 
|  34|0x00000000e2200000, 0x00000000e2200000, 0x00000000e2300000|  0%| F|  |TAMS 0x00000000e2200000, 0x00000000e2200000| Untracked 
|  35|0x00000000e2300000, 0x00000000e2300000, 0x00000000e2400000|  0%| F|  |TAMS 0x00000000e2300000, 0x00000000e2300000| Untracked 
|  36|0x00000000e2400000, 0x00000000e2400000, 0x00000000e2500000|  0%| F|  |TAMS 0x00000000e2400000, 0x00000000e2400000| Untracked 
|  37|0x00000000e2500000, 0x00000000e2500000, 0x00000000e2600000|  0%| F|  |TAMS 0x00000000e2500000, 0x00000000e2500000| Untracked 
|  38|0x00000000e2600000, 0x00000000e2600000, 0x00000000e2700000|  0%| F|  |TAMS 0x00000000e2600000, 0x00000000e2600000| Untracked 
|  39|0x00000000e2700000, 0x00000000e2700000, 0x00000000e2800000|  0%| F|  |TAMS 0x00000000e2700000, 0x00000000e2700000| Untracked 
|  40|0x00000000e2800000, 0x00000000e2800000, 0x00000000e2900000|  0%| F|  |TAMS 0x00000000e2800000, 0x00000000e2800000| Untracked 
|  41|0x00000000e2900000, 0x00000000e2900000, 0x00000000e2a00000|  0%| F|  |TAMS 0x00000000e2900000, 0x00000000e2900000| Untracked 
|  42|0x00000000e2a00000, 0x00000000e2a00000, 0x00000000e2b00000|  0%| F|  |TAMS 0x00000000e2a00000, 0x00000000e2a00000| Untracked 
|  43|0x00000000e2b00000, 0x00000000e2b00000, 0x00000000e2c00000|  0%| F|  |TAMS 0x00000000e2b00000, 0x00000000e2b00000| Untracked 
|  44|0x00000000e2c00000, 0x00000000e2c00000, 0x00000000e2d00000|  0%| F|  |TAMS 0x00000000e2c00000, 0x00000000e2c00000| Untracked 
|  45|0x00000000e2d00000, 0x00000000e2d00000, 0x00000000e2e00000|  0%| F|  |TAMS 0x00000000e2d00000, 0x00000000e2d00000| Untracked 
|  46|0x00000000e2e00000, 0x00000000e2e00000, 0x00000000e2f00000|  0%| F|  |TAMS 0x00000000e2e00000, 0x00000000e2e00000| Untracked 
|  47|0x00000000e2f00000, 0x00000000e2f00000, 0x00000000e3000000|  0%| F|  |TAMS 0x00000000e2f00000, 0x00000000e2f00000| Untracked 
|  48|0x00000000e3000000, 0x00000000e3000000, 0x00000000e3100000|  0%| F|  |TAMS 0x00000000e3000000, 0x00000000e3000000| Untracked 
|  49|0x00000000e3100000, 0x00000000e3100000, 0x00000000e3200000|  0%| F|  |TAMS 0x00000000e3100000, 0x00000000e3100000| Untracked 
|  50|0x00000000e3200000, 0x00000000e327c6a0, 0x00000000e3300000| 48%| S|CS|TAMS 0x00000000e3200000, 0x00000000e3200000| Complete 
|  51|0x00000000e3300000, 0x00000000e3400000, 0x00000000e3400000|100%| S|CS|TAMS 0x00000000e3300000, 0x00000000e3300000| Complete 
|  52|0x00000000e3400000, 0x00000000e3500000, 0x00000000e3500000|100%| S|CS|TAMS 0x00000000e3400000, 0x00000000e3400000| Complete 
|  53|0x00000000e3500000, 0x00000000e3600000, 0x00000000e3600000|100%| S|CS|TAMS 0x00000000e3500000, 0x00000000e3500000| Complete 
|  54|0x00000000e3600000, 0x00000000e3700000, 0x00000000e3700000|100%| S|CS|TAMS 0x00000000e3600000, 0x00000000e3600000| Complete 
|  55|0x00000000e3700000, 0x00000000e3800000, 0x00000000e3800000|100%| S|CS|TAMS 0x00000000e3700000, 0x00000000e3700000| Complete 
|  56|0x00000000e3800000, 0x00000000e3800000, 0x00000000e3900000|  0%| F|  |TAMS 0x00000000e3800000, 0x00000000e3800000| Untracked 
|  57|0x00000000e3900000, 0x00000000e3900000, 0x00000000e3a00000|  0%| F|  |TAMS 0x00000000e3900000, 0x00000000e3900000| Untracked 
|  58|0x00000000e3a00000, 0x00000000e3a00000, 0x00000000e3b00000|  0%| F|  |TAMS 0x00000000e3a00000, 0x00000000e3a00000| Untracked 
|  59|0x00000000e3b00000, 0x00000000e3b00000, 0x00000000e3c00000|  0%| F|  |TAMS 0x00000000e3b00000, 0x00000000e3b00000| Untracked 
|  60|0x00000000e3c00000, 0x00000000e3c00000, 0x00000000e3d00000|  0%| F|  |TAMS 0x00000000e3c00000, 0x00000000e3c00000| Untracked 
|  61|0x00000000e3d00000, 0x00000000e3d00000, 0x00000000e3e00000|  0%| F|  |TAMS 0x00000000e3d00000, 0x00000000e3d00000| Untracked 
|  62|0x00000000e3e00000, 0x00000000e3e00000, 0x00000000e3f00000|  0%| F|  |TAMS 0x00000000e3e00000, 0x00000000e3e00000| Untracked 
|  63|0x00000000e3f00000, 0x00000000e3f00000, 0x00000000e4000000|  0%| F|  |TAMS 0x00000000e3f00000, 0x00000000e3f00000| Untracked 
|  64|0x00000000e4000000, 0x00000000e4000000, 0x00000000e4100000|  0%| F|  |TAMS 0x00000000e4000000, 0x00000000e4000000| Untracked 
|  65|0x00000000e4100000, 0x00000000e4100000, 0x00000000e4200000|  0%| F|  |TAMS 0x00000000e4100000, 0x00000000e4100000| Untracked 
|  66|0x00000000e4200000, 0x00000000e4200000, 0x00000000e4300000|  0%| F|  |TAMS 0x00000000e4200000, 0x00000000e4200000| Untracked 
|  67|0x00000000e4300000, 0x00000000e4300000, 0x00000000e4400000|  0%| F|  |TAMS 0x00000000e4300000, 0x00000000e4300000| Untracked 
|  68|0x00000000e4400000, 0x00000000e4400000, 0x00000000e4500000|  0%| F|  |TAMS 0x00000000e4400000, 0x00000000e4400000| Untracked 
|  69|0x00000000e4500000, 0x00000000e4500000, 0x00000000e4600000|  0%| F|  |TAMS 0x00000000e4500000, 0x00000000e4500000| Untracked 
|  70|0x00000000e4600000, 0x00000000e4600000, 0x00000000e4700000|  0%| F|  |TAMS 0x00000000e4600000, 0x00000000e4600000| Untracked 
|  71|0x00000000e4700000, 0x00000000e4700000, 0x00000000e4800000|  0%| F|  |TAMS 0x00000000e4700000, 0x00000000e4700000| Untracked 
|  72|0x00000000e4800000, 0x00000000e4800000, 0x00000000e4900000|  0%| F|  |TAMS 0x00000000e4800000, 0x00000000e4800000| Untracked 
|  73|0x00000000e4900000, 0x00000000e4900000, 0x00000000e4a00000|  0%| F|  |TAMS 0x00000000e4900000, 0x00000000e4900000| Untracked 
|  74|0x00000000e4a00000, 0x00000000e4a00000, 0x00000000e4b00000|  0%| F|  |TAMS 0x00000000e4a00000, 0x00000000e4a00000| Untracked 
|  75|0x00000000e4b00000, 0x00000000e4b00000, 0x00000000e4c00000|  0%| F|  |TAMS 0x00000000e4b00000, 0x00000000e4b00000| Untracked 
|  76|0x00000000e4c00000, 0x00000000e4c00000, 0x00000000e4d00000|  0%| F|  |TAMS 0x00000000e4c00000, 0x00000000e4c00000| Untracked 
|  77|0x00000000e4d00000, 0x00000000e4d00000, 0x00000000e4e00000|  0%| F|  |TAMS 0x00000000e4d00000, 0x00000000e4d00000| Untracked 
|  78|0x00000000e4e00000, 0x00000000e4e00000, 0x00000000e4f00000|  0%| F|  |TAMS 0x00000000e4e00000, 0x00000000e4e00000| Untracked 
|  79|0x00000000e4f00000, 0x00000000e4f00000, 0x00000000e5000000|  0%| F|  |TAMS 0x00000000e4f00000, 0x00000000e4f00000| Untracked 
|  80|0x00000000e5000000, 0x00000000e5000000, 0x00000000e5100000|  0%| F|  |TAMS 0x00000000e5000000, 0x00000000e5000000| Untracked 
|  81|0x00000000e5100000, 0x00000000e5200000, 0x00000000e5200000|100%| E|  |TAMS 0x00000000e5100000, 0x00000000e5100000| Complete 
|  82|0x00000000e5200000, 0x00000000e5300000, 0x00000000e5300000|100%| E|CS|TAMS 0x00000000e5200000, 0x00000000e5200000| Complete 
|  83|0x00000000e5300000, 0x00000000e5400000, 0x00000000e5400000|100%| E|CS|TAMS 0x00000000e5300000, 0x00000000e5300000| Complete 
|  84|0x00000000e5400000, 0x00000000e5500000, 0x00000000e5500000|100%| E|CS|TAMS 0x00000000e5400000, 0x00000000e5400000| Complete 
|  85|0x00000000e5500000, 0x00000000e5600000, 0x00000000e5600000|100%| E|CS|TAMS 0x00000000e5500000, 0x00000000e5500000| Complete 
|  86|0x00000000e5600000, 0x00000000e5700000, 0x00000000e5700000|100%| E|CS|TAMS 0x00000000e5600000, 0x00000000e5600000| Complete 
|  87|0x00000000e5700000, 0x00000000e5800000, 0x00000000e5800000|100%| E|CS|TAMS 0x00000000e5700000, 0x00000000e5700000| Complete 
|  88|0x00000000e5800000, 0x00000000e5900000, 0x00000000e5900000|100%| E|CS|TAMS 0x00000000e5800000, 0x00000000e5800000| Complete 
|  89|0x00000000e5900000, 0x00000000e5a00000, 0x00000000e5a00000|100%| E|CS|TAMS 0x00000000e5900000, 0x00000000e5900000| Complete 
|  90|0x00000000e5a00000, 0x00000000e5b00000, 0x00000000e5b00000|100%| E|CS|TAMS 0x00000000e5a00000, 0x00000000e5a00000| Complete 
|  91|0x00000000e5b00000, 0x00000000e5c00000, 0x00000000e5c00000|100%| E|CS|TAMS 0x00000000e5b00000, 0x00000000e5b00000| Complete 
|  92|0x00000000e5c00000, 0x00000000e5d00000, 0x00000000e5d00000|100%| E|CS|TAMS 0x00000000e5c00000, 0x00000000e5c00000| Complete 
|  93|0x00000000e5d00000, 0x00000000e5e00000, 0x00000000e5e00000|100%| E|CS|TAMS 0x00000000e5d00000, 0x00000000e5d00000| Complete 
|  94|0x00000000e5e00000, 0x00000000e5f00000, 0x00000000e5f00000|100%| E|CS|TAMS 0x00000000e5e00000, 0x00000000e5e00000| Complete 
|  95|0x00000000e5f00000, 0x00000000e6000000, 0x00000000e6000000|100%| E|CS|TAMS 0x00000000e5f00000, 0x00000000e5f00000| Complete 
|  96|0x00000000e6000000, 0x00000000e6100000, 0x00000000e6100000|100%| E|  |TAMS 0x00000000e6000000, 0x00000000e6000000| Complete 
|  97|0x00000000e6100000, 0x00000000e6200000, 0x00000000e6200000|100%| E|CS|TAMS 0x00000000e6100000, 0x00000000e6100000| Complete 
|  98|0x00000000e6200000, 0x00000000e6300000, 0x00000000e6300000|100%| E|CS|TAMS 0x00000000e6200000, 0x00000000e6200000| Complete 
|  99|0x00000000e6300000, 0x00000000e6400000, 0x00000000e6400000|100%| E|CS|TAMS 0x00000000e6300000, 0x00000000e6300000| Complete 
| 100|0x00000000e6400000, 0x00000000e6500000, 0x00000000e6500000|100%| E|CS|TAMS 0x00000000e6400000, 0x00000000e6400000| Complete 
| 101|0x00000000e6500000, 0x00000000e6600000, 0x00000000e6600000|100%| E|CS|TAMS 0x00000000e6500000, 0x00000000e6500000| Complete 
| 102|0x00000000e6600000, 0x00000000e6700000, 0x00000000e6700000|100%| E|CS|TAMS 0x00000000e6600000, 0x00000000e6600000| Complete 
| 103|0x00000000e6700000, 0x00000000e6800000, 0x00000000e6800000|100%| E|CS|TAMS 0x00000000e6700000, 0x00000000e6700000| Complete 
| 104|0x00000000e6800000, 0x00000000e6900000, 0x00000000e6900000|100%| E|CS|TAMS 0x00000000e6800000, 0x00000000e6800000| Complete 
| 105|0x00000000e6900000, 0x00000000e6a00000, 0x00000000e6a00000|100%| E|CS|TAMS 0x00000000e6900000, 0x00000000e6900000| Complete 
| 106|0x00000000e6a00000, 0x00000000e6b00000, 0x00000000e6b00000|100%| E|CS|TAMS 0x00000000e6a00000, 0x00000000e6a00000| Complete 
| 107|0x00000000e6b00000, 0x00000000e6c00000, 0x00000000e6c00000|100%| E|CS|TAMS 0x00000000e6b00000, 0x00000000e6b00000| Complete 
| 108|0x00000000e6c00000, 0x00000000e6d00000, 0x00000000e6d00000|100%| E|CS|TAMS 0x00000000e6c00000, 0x00000000e6c00000| Complete 
| 109|0x00000000e6d00000, 0x00000000e6e00000, 0x00000000e6e00000|100%| E|CS|TAMS 0x00000000e6d00000, 0x00000000e6d00000| Complete 
| 110|0x00000000e6e00000, 0x00000000e6f00000, 0x00000000e6f00000|100%| E|CS|TAMS 0x00000000e6e00000, 0x00000000e6e00000| Complete 
| 111|0x00000000e6f00000, 0x00000000e7000000, 0x00000000e7000000|100%| E|CS|TAMS 0x00000000e6f00000, 0x00000000e6f00000| Complete 
| 112|0x00000000e7000000, 0x00000000e7100000, 0x00000000e7100000|100%| E|CS|TAMS 0x00000000e7000000, 0x00000000e7000000| Complete 
| 113|0x00000000e7100000, 0x00000000e7200000, 0x00000000e7200000|100%| E|CS|TAMS 0x00000000e7100000, 0x00000000e7100000| Complete 
| 114|0x00000000e7200000, 0x00000000e7300000, 0x00000000e7300000|100%| E|CS|TAMS 0x00000000e7200000, 0x00000000e7200000| Complete 
| 115|0x00000000e7300000, 0x00000000e7400000, 0x00000000e7400000|100%| E|CS|TAMS 0x00000000e7300000, 0x00000000e7300000| Complete 
| 116|0x00000000e7400000, 0x00000000e7500000, 0x00000000e7500000|100%| E|CS|TAMS 0x00000000e7400000, 0x00000000e7400000| Complete 
| 117|0x00000000e7500000, 0x00000000e7600000, 0x00000000e7600000|100%| E|CS|TAMS 0x00000000e7500000, 0x00000000e7500000| Complete 
| 118|0x00000000e7600000, 0x00000000e7700000, 0x00000000e7700000|100%| E|CS|TAMS 0x00000000e7600000, 0x00000000e7600000| Complete 
| 119|0x00000000e7700000, 0x00000000e7800000, 0x00000000e7800000|100%| E|CS|TAMS 0x00000000e7700000, 0x00000000e7700000| Complete 
| 120|0x00000000e7800000, 0x00000000e7900000, 0x00000000e7900000|100%| E|CS|TAMS 0x00000000e7800000, 0x00000000e7800000| Complete 
| 121|0x00000000e7900000, 0x00000000e7a00000, 0x00000000e7a00000|100%| E|CS|TAMS 0x00000000e7900000, 0x00000000e7900000| Complete 
| 122|0x00000000e7a00000, 0x00000000e7b00000, 0x00000000e7b00000|100%| E|CS|TAMS 0x00000000e7a00000, 0x00000000e7a00000| Complete 
| 123|0x00000000e7b00000, 0x00000000e7c00000, 0x00000000e7c00000|100%| E|CS|TAMS 0x00000000e7b00000, 0x00000000e7b00000| Complete 
| 124|0x00000000e7c00000, 0x00000000e7d00000, 0x00000000e7d00000|100%| E|CS|TAMS 0x00000000e7c00000, 0x00000000e7c00000| Complete 
| 125|0x00000000e7d00000, 0x00000000e7e00000, 0x00000000e7e00000|100%| E|CS|TAMS 0x00000000e7d00000, 0x00000000e7d00000| Complete 

Card table byte_map: [0x00000220b5710000,0x00000220b5810000] _byte_map_base: 0x00000220b5010000

Marking Bits (Prev, Next): (CMBitMap*) 0x000002209bf732d8, (CMBitMap*) 0x000002209bf73310
 Prev Bits: [0x00000220b5910000, 0x00000220b6110000)
 Next Bits: [0x00000220b6110000, 0x00000220b6910000)

Polling page: 0x000002209be00000

Metaspace:

Usage:
  Non-class:     40.56 MB capacity,    39.80 MB ( 98%) used,   632.82 KB (  2%) free+waste,   145.69 KB ( <1%) overhead. 
      Class:      6.06 MB capacity,     5.55 MB ( 92%) used,   449.62 KB (  7%) free+waste,    70.50 KB (  1%) overhead. 
       Both:     46.62 MB capacity,    45.35 MB ( 97%) used,     1.06 MB (  2%) free+waste,   216.19 KB ( <1%) overhead. 

Virtual space:
  Non-class space:       42.00 MB reserved,      40.75 MB ( 97%) committed 
      Class space:        1.00 GB reserved,       6.13 MB ( <1%) committed 
             Both:        1.04 GB reserved,      46.88 MB (  4%) committed 

Chunk freelists:
   Non-Class:  0 bytes
       Class:  0 bytes
        Both:  0 bytes

CodeHeap 'non-profiled nmethods': size=120000Kb used=2211Kb max_used=2211Kb free=117788Kb
 bounds [0x00000220ad680000, 0x00000220ad8f0000, 0x00000220b4bb0000]
CodeHeap 'profiled nmethods': size=120000Kb used=9026Kb max_used=9026Kb free=110973Kb
 bounds [0x00000220a6150000, 0x00000220a6a30000, 0x00000220ad680000]
CodeHeap 'non-nmethods': size=5760Kb used=1178Kb max_used=1226Kb free=4581Kb
 bounds [0x00000220a5bb0000, 0x00000220a5e20000, 0x00000220a6150000]
 total_blobs=4633 nmethods=4108 adapters=435
 compilation: enabled
              stopped_count=0, restarted_count=0
 full_count=0

Compilation events (10 events):
Event: 25.318 Thread 0x00000220b939f000 4078   !   3       org.springframework.core.ResolvableType::getSuperType (53 bytes)
Event: 25.319 Thread 0x00000220b939f000 nmethod 4078 0x00000220a6a04e10 code [0x00000220a6a050c0, 0x00000220a6a05ff8]
Event: 25.321 Thread 0x00000220b939b800 4079       4       java.util.RegularEnumSet::add (9 bytes)
Event: 25.323 Thread 0x00000220b939b800 nmethod 4079 0x00000220ad8a7310 code [0x00000220ad8a74a0, 0x00000220ad8a7598]
Event: 25.324 Thread 0x00000220b939b800 4080       4       sun.reflect.generics.parser.SignatureParser::mark (9 bytes)
Event: 25.324 Thread 0x00000220b939f000 4081       3       sun.reflect.generics.parser.SignatureParser::parseSuperInterfaces (51 bytes)
Event: 25.324 Thread 0x00000220b939b800 nmethod 4080 0x00000220ad8a7690 code [0x00000220ad8a7820, 0x00000220ad8a7898]
Event: 25.325 Thread 0x00000220b939f000 nmethod 4081 0x00000220a6a06610 code [0x00000220a6a06860, 0x00000220a6a071f8]
Event: 25.325 Thread 0x00000220b939f000 4082       3       org.springframework.core.ResolvableType::<init> (39 bytes)
Event: 25.326 Thread 0x00000220b939f000 nmethod 4082 0x00000220a6a07590 code [0x00000220a6a07760, 0x00000220a6a07b08]

GC Heap History (10 events):
Event: 15.759 GC heap before
{Heap before GC invocations=2 (full 0):
 garbage-first heap   total 129024K, used 49232K [0x00000000e0000000, 0x0000000100000000)
  region size 1024K, 39 young (39936K), 1 survivors (1024K)
 Metaspace       used 20376K, capacity 21080K, committed 21248K, reserved 1069056K
  class space    used 2294K, capacity 2535K, committed 2560K, reserved 1048576K
}
Event: 15.764 GC heap after
{Heap after GC invocations=3 (full 0):
 garbage-first heap   total 129024K, used 12746K [0x00000000e0000000, 0x0000000100000000)
  region size 1024K, 2 young (2048K), 2 survivors (2048K)
 Metaspace       used 20376K, capacity 21080K, committed 21248K, reserved 1069056K
  class space    used 2294K, capacity 2535K, committed 2560K, reserved 1048576K
}
Event: 18.715 GC heap before
{Heap before GC invocations=4 (full 0):
 garbage-first heap   total 129024K, used 62922K [0x00000000e0000000, 0x0000000100000000)
  region size 1024K, 52 young (53248K), 2 survivors (2048K)
 Metaspace       used 27013K, capacity 27931K, committed 28160K, reserved 1073152K
  class space    used 3198K, capacity 3568K, committed 3584K, reserved 1048576K
}
Event: 18.720 GC heap after
{Heap after GC invocations=5 (full 0):
 garbage-first heap   total 129024K, used 14427K [0x00000000e0000000, 0x0000000100000000)
  region size 1024K, 4 young (4096K), 4 survivors (4096K)
 Metaspace       used 27013K, capacity 27931K, committed 28160K, reserved 1073152K
  class space    used 3198K, capacity 3568K, committed 3584K, reserved 1048576K
}
Event: 20.348 GC heap before
{Heap before GC invocations=5 (full 0):
 garbage-first heap   total 129024K, used 71771K [0x00000000e0000000, 0x0000000100000000)
  region size 1024K, 61 young (62464K), 4 survivors (4096K)
 Metaspace       used 31857K, capacity 32893K, committed 33024K, reserved 1077248K
  class space    used 3924K, capacity 4348K, committed 4352K, reserved 1048576K
}
Event: 20.355 GC heap after
{Heap after GC invocations=6 (full 0):
 garbage-first heap   total 129024K, used 16947K [0x00000000e0000000, 0x0000000100000000)
  region size 1024K, 6 young (6144K), 6 survivors (6144K)
 Metaspace       used 31857K, capacity 32893K, committed 33024K, reserved 1077248K
  class space    used 3924K, capacity 4348K, committed 4352K, reserved 1048576K
}
Event: 20.867 GC heap before
{Heap before GC invocations=6 (full 0):
 garbage-first heap   total 129024K, used 73267K [0x00000000e0000000, 0x0000000100000000)
  region size 1024K, 63 young (64512K), 6 survivors (6144K)
 Metaspace       used 34547K, capacity 35546K, committed 35584K, reserved 1081344K
  class space    used 4181K, capacity 4593K, committed 4608K, reserved 1048576K
}
Event: 20.877 GC heap after
{Heap after GC invocations=7 (full 0):
 garbage-first heap   total 129024K, used 17873K [0x00000000e0000000, 0x0000000100000000)
  region size 1024K, 6 young (6144K), 6 survivors (6144K)
 Metaspace       used 34547K, capacity 35546K, committed 35584K, reserved 1081344K
  class space    used 4181K, capacity 4593K, committed 4608K, reserved 1048576K
}
Event: 23.631 GC heap before
{Heap before GC invocations=8 (full 0):
 garbage-first heap   total 129024K, used 84433K [0x00000000e0000000, 0x0000000100000000)
  region size 1024K, 70 young (71680K), 6 survivors (6144K)
 Metaspace       used 41886K, capacity 43034K, committed 43264K, reserved 1087488K
  class space    used 5074K, capacity 5519K, committed 5632K, reserved 1048576K
}
Event: 23.640 GC heap after
{Heap after GC invocations=9 (full 0):
 garbage-first heap   total 129024K, used 19753K [0x00000000e0000000, 0x0000000100000000)
  region size 1024K, 6 young (6144K), 6 survivors (6144K)
 Metaspace       used 41886K, capacity 43034K, committed 43264K, reserved 1087488K
  class space    used 5074K, capacity 5519K, committed 5632K, reserved 1048576K
}

Deoptimization events (10 events):
Event: 23.664 Thread 0x00000220bb015800 Uncommon trap: reason=bimorphic_or_optimized_type_check action=maybe_recompile pc=0x00000220ad84a290 method=kotlin.reflect.jvm.internal.impl.protobuf.CodedInputStream.tryRefillBuffer(I)Z @ 175 c2
Event: 23.667 Thread 0x00000220bb015800 Uncommon trap: reason=bimorphic_or_optimized_type_check action=maybe_recompile pc=0x00000220ad84a290 method=kotlin.reflect.jvm.internal.impl.protobuf.CodedInputStream.tryRefillBuffer(I)Z @ 175 c2
Event: 23.667 Thread 0x00000220bb015800 Uncommon trap: reason=bimorphic_or_optimized_type_check action=maybe_recompile pc=0x00000220ad84a290 method=kotlin.reflect.jvm.internal.impl.protobuf.CodedInputStream.tryRefillBuffer(I)Z @ 175 c2
Event: 23.686 Thread 0x00000220ba966000 Uncommon trap: reason=unstable_if action=reinterpret pc=0x00000220ad7ffe8c method=java.util.WeakHashMap.remove(Ljava/lang/Object;)Ljava/lang/Object; @ 94 c2
Event: 24.493 Thread 0x00000220ba966000 Uncommon trap: reason=unstable_if action=reinterpret pc=0x00000220ad7e175c method=org.springframework.core.annotation.MergedAnnotationsCollection.isMappingForType(Lorg/springframework/core/annotation/AnnotationTypeMapping;Ljava/lang/Object;)Z @ 13 c2
Event: 25.052 Thread 0x00000220ba966000 Uncommon trap: reason=unstable_if action=reinterpret pc=0x00000220ad879d2c method=org.springframework.beans.factory.support.AbstractBeanFactory.getMergedLocalBeanDefinition(Ljava/lang/String;)Lorg/springframework/beans/factory/support/RootBeanDefinition; 
Event: 25.053 Thread 0x00000220ba966000 Uncommon trap: reason=unstable_if action=reinterpret pc=0x00000220ad88401c method=org.springframework.beans.factory.support.DefaultSingletonBeanRegistry.getSingleton(Ljava/lang/String;Z)Ljava/lang/Object; @ 20 c2
Event: 25.288 Thread 0x00000220ba966000 Uncommon trap: reason=speculate_class_check action=maybe_recompile pc=0x00000220ad87fef8 method=jdk.internal.loader.Resource.getBytes()[B @ 10 c2
Event: 25.323 Thread 0x00000220ba966000 Uncommon trap: reason=speculate_class_check action=maybe_recompile pc=0x00000220ad87fef8 method=jdk.internal.loader.Resource.getBytes()[B @ 10 c2
Event: 25.325 Thread 0x00000220ba966000 Uncommon trap: reason=class_check action=maybe_recompile pc=0x00000220ad82b4a0 method=org.springframework.util.ConcurrentReferenceHashMap$Segment.findInChain(Lorg/springframework/util/ConcurrentReferenceHashMap$Reference;Ljava/lang/Object;I)Lorg/springfra

Classes redefined (0 events):
No events

Internal exceptions (10 events):
Event: 21.030 Thread 0x00000220ba966000 Exception <a 'java/lang/NoSuchMethodError'{0x00000000e7896738}: java.lang.invoke.DelegatingMethodHandle$Holder.delegate(Ljava/lang/Object;Ljava/lang/Object;ILjava/lang/Object;)V> (0x00000000e7896738) thrown at [./open/src/hotspot/share/interpreter/linkRes
Event: 21.145 Thread 0x00000220ba966000 Exception <a 'java/lang/NoSuchMethodError'{0x00000000e724bac0}: java.lang.invoke.DirectMethodHandle$Holder.invokeSpecial(Ljava/lang/Object;Ljava/lang/Object;IILjava/lang/Object;Ljava/lang/Object;Ljava/lang/Object;Ljava/lang/Object;)Ljava/lang/Object;> (0x
Event: 21.145 Thread 0x00000220ba966000 Exception <a 'java/lang/NoSuchMethodError'{0x00000000e724f9f0}: java.lang.invoke.DelegatingMethodHandle$Holder.reinvoke_L(Ljava/lang/Object;IILjava/lang/Object;Ljava/lang/Object;Ljava/lang/Object;Ljava/lang/Object;)Ljava/lang/Object;> (0x00000000e724f9f0)
Event: 21.168 Thread 0x00000220ba966000 Exception <a 'java/io/FileNotFoundException'{0x00000000e713c478}> (0x00000000e713c478) thrown at [./open/src/hotspot/share/prims/jni.cpp, line 611]
Event: 21.504 Thread 0x00000220bb015800 Exception <a 'java/lang/NoSuchMethodError'{0x00000000e65ba828}: java.lang.invoke.DirectMethodHandle$Holder.invokeSpecial(Ljava/lang/Object;Ljava/lang/Object;)J> (0x00000000e65ba828) thrown at [./open/src/hotspot/share/interpreter/linkResolver.cpp, line 77
Event: 21.507 Thread 0x00000220bb015800 Exception <a 'java/lang/NoSuchMethodError'{0x00000000e65cafa0}: java.lang.invoke.DirectMethodHandle$Holder.invokeStatic(Ljava/lang/Object;Ljava/lang/Object;)J> (0x00000000e65cafa0) thrown at [./open/src/hotspot/share/interpreter/linkResolver.cpp, line 772
Event: 21.508 Thread 0x00000220bb015800 Exception <a 'java/lang/NoSuchMethodError'{0x00000000e65cddc8}: java.lang.invoke.DirectMethodHandle$Holder.invokeStaticInit(Ljava/lang/Object;Ljava/lang/Object;)J> (0x00000000e65cddc8) thrown at [./open/src/hotspot/share/interpreter/linkResolver.cpp, line
Event: 21.511 Thread 0x00000220bb015800 Exception <a 'java/lang/NoSuchMethodError'{0x00000000e6489150}: java.lang.invoke.DirectMethodHandle$Holder.invokeInterface(Ljava/lang/Object;Ljava/lang/Object;)J> (0x00000000e6489150) thrown at [./open/src/hotspot/share/interpreter/linkResolver.cpp, line 
Event: 21.511 Thread 0x00000220bb015800 Exception <a 'java/lang/IncompatibleClassChangeError'{0x00000000e648bee8}: Found class java.lang.Object, but interface was expected> (0x00000000e648bee8) thrown at [./open/src/hotspot/share/interpreter/linkResolver.cpp, line 838]
Event: 23.801 Thread 0x00000220bb015800 Exception <a 'java/lang/NoSuchMethodError'{0x00000000e79372f8}: java.lang.invoke.DirectMethodHandle$Holder.invokeVirtual(Ljava/lang/Object;Ljava/lang/Object;Ljava/lang/Object;Ljava/lang/Object;)Ljava/lang/Object;> (0x00000000e79372f8) thrown at [./open/sr

Events (10 events):
Event: 25.325 loading class org/springframework/data/repository/core/support/AbstractRepositoryMetadata done
Event: 25.325 Thread 0x00000220ba966000 Uncommon trap: trap_request=0xffffffde fr.pc=0x00000220ad82b4a0 relative=0x0000000000000900
Event: 25.325 Thread 0x00000220ba966000 DEOPT PACKING pc=0x00000220ad82b4a0 sp=0x00000039f1bfa840
Event: 25.325 Thread 0x00000220ba966000 DEOPT UNPACKING pc=0x00000220a5bd662f sp=0x00000039f1bfa640 mode 2
Event: 25.325 loading class org/springframework/data/util/ParameterizedTypeInformation
Event: 25.325 loading class org/springframework/data/util/ParameterizedTypeInformation done
Event: 25.328 loading class org/springframework/data/util/ParentTypeAwareTypeInformation
Event: 25.328 loading class org/springframework/data/util/ParentTypeAwareTypeInformation done
Event: 25.330 loading class org/springframework/core/GenericTypeResolver$TypeVariableMapVariableResolver
Event: 25.330 loading class org/springframework/core/GenericTypeResolver$TypeVariableMapVariableResolver done


Dynamic libraries:
0x00007ff6990b0000 - 0x00007ff6990bf000 	C:\Program Files\Java\jdk-11.0.11\bin\java.exe
0x00007ff997270000 - 0x00007ff997465000 	C:\WINDOWS\SYSTEM32\ntdll.dll
0x00007ff997170000 - 0x00007ff99722e000 	C:\WINDOWS\System32\KERNEL32.DLL
0x00007ff994f90000 - 0x00007ff995259000 	C:\WINDOWS\System32\KERNELBASE.dll
0x00007ff994c90000 - 0x00007ff994d90000 	C:\WINDOWS\System32\ucrtbase.dll
0x00007ff988230000 - 0x00007ff988248000 	C:\Program Files\Java\jdk-11.0.11\bin\jli.dll
0x00007ff996020000 - 0x00007ff9960cc000 	C:\WINDOWS\System32\ADVAPI32.dll
0x00007ff9970d0000 - 0x00007ff99716e000 	C:\WINDOWS\System32\msvcrt.dll
0x00007ff9960d0000 - 0x00007ff99616b000 	C:\WINDOWS\System32\sechost.dll
0x00007ff996f00000 - 0x00007ff99702a000 	C:\WINDOWS\System32\RPCRT4.dll
0x00007ff9967a0000 - 0x00007ff996941000 	C:\WINDOWS\System32\USER32.dll
0x00007ff994ec0000 - 0x00007ff994ee2000 	C:\WINDOWS\System32\win32u.dll
0x00007ff9970a0000 - 0x00007ff9970cb000 	C:\WINDOWS\System32\GDI32.dll
0x00007ff994af0000 - 0x00007ff994bfb000 	C:\WINDOWS\System32\gdi32full.dll
0x00007ff994ef0000 - 0x00007ff994f8d000 	C:\WINDOWS\System32\msvcp_win.dll
0x00007ff988210000 - 0x00007ff988225000 	C:\Program Files\Java\jdk-11.0.11\bin\VCRUNTIME140.dll
0x00007ff986f70000 - 0x00007ff986f7a000 	C:\WINDOWS\SYSTEM32\VERSION.dll
0x00007ff97e120000 - 0x00007ff97e3ba000 	C:\WINDOWS\WinSxS\amd64_microsoft.windows.common-controls_6595b64144ccf1df_6.0.19041.1110_none_60b5254171f9507e\COMCTL32.dll
0x00007ff996960000 - 0x00007ff996990000 	C:\WINDOWS\System32\IMM32.DLL
0x00007ff988170000 - 0x00007ff98820b000 	C:\Program Files\Java\jdk-11.0.11\bin\msvcp140.dll
0x00007ff977fe0000 - 0x00007ff978ade000 	C:\Program Files\Java\jdk-11.0.11\bin\server\jvm.dll
0x00007ff996950000 - 0x00007ff996958000 	C:\WINDOWS\System32\PSAPI.DLL
0x00007ff986f80000 - 0x00007ff986f89000 	C:\WINDOWS\SYSTEM32\WSOCK32.dll
0x00007ff997030000 - 0x00007ff99709b000 	C:\WINDOWS\System32\WS2_32.dll
0x00007ff983e80000 - 0x00007ff983ea7000 	C:\WINDOWS\SYSTEM32\WINMM.dll
0x00007ff993200000 - 0x00007ff993212000 	C:\WINDOWS\SYSTEM32\kernel.appcore.dll
0x00007ff9871b0000 - 0x00007ff9871c0000 	C:\Program Files\Java\jdk-11.0.11\bin\verify.dll
0x00007ff992ee0000 - 0x00007ff9930c4000 	C:\WINDOWS\SYSTEM32\DBGHELP.DLL
0x00007ff98cc50000 - 0x00007ff98cc7c000 	C:\WINDOWS\SYSTEM32\dbgcore.DLL
0x00007ff994c00000 - 0x00007ff994c83000 	C:\WINDOWS\System32\bcryptPrimitives.dll
0x00007ff982710000 - 0x00007ff982738000 	C:\Program Files\Java\jdk-11.0.11\bin\java.dll
0x00007ff9871a0000 - 0x00007ff9871aa000 	C:\Program Files\Java\jdk-11.0.11\bin\jimage.dll
0x00007ff975cf0000 - 0x00007ff975d06000 	C:\Program Files\Java\jdk-11.0.11\bin\zip.dll
0x00007ff9952c0000 - 0x00007ff9959ff000 	C:\WINDOWS\System32\SHELL32.dll
0x00007ff992680000 - 0x00007ff992e10000 	C:\WINDOWS\SYSTEM32\windows.storage.dll
0x00007ff996170000 - 0x00007ff9964c5000 	C:\WINDOWS\System32\combase.dll
0x00007ff994230000 - 0x00007ff99425c000 	C:\WINDOWS\SYSTEM32\Wldp.dll
0x00007ff996b70000 - 0x00007ff996c1d000 	C:\WINDOWS\System32\SHCORE.dll
0x00007ff9965f0000 - 0x00007ff996645000 	C:\WINDOWS\System32\shlwapi.dll
0x00007ff9948d0000 - 0x00007ff9948ef000 	C:\WINDOWS\SYSTEM32\profapi.dll
0x00007ff976450000 - 0x00007ff976469000 	C:\Program Files\Java\jdk-11.0.11\bin\net.dll
0x00007ff991810000 - 0x00007ff991918000 	C:\WINDOWS\SYSTEM32\WINHTTP.dll
0x00007ff994010000 - 0x00007ff99407a000 	C:\WINDOWS\system32\mswsock.dll
0x00007ff971990000 - 0x00007ff9719a2000 	C:\Program Files\Java\jdk-11.0.11\bin\nio.dll
0x00007ff994270000 - 0x00007ff994288000 	C:\WINDOWS\SYSTEM32\CRYPTSP.dll
0x00007ff9939b0000 - 0x00007ff9939e4000 	C:\WINDOWS\system32\rsaenh.dll
0x00007ff994e40000 - 0x00007ff994e67000 	C:\WINDOWS\System32\bcrypt.dll
0x00007ff994890000 - 0x00007ff9948be000 	C:\WINDOWS\SYSTEM32\USERENV.dll
0x00007ff9941a0000 - 0x00007ff9941ac000 	C:\WINDOWS\SYSTEM32\CRYPTBASE.dll
0x00007ff993d20000 - 0x00007ff993d5b000 	C:\WINDOWS\SYSTEM32\IPHLPAPI.DLL
0x00007ff996790000 - 0x00007ff996798000 	C:\WINDOWS\System32\NSI.dll
0x00007ff98db90000 - 0x00007ff98dba7000 	C:\WINDOWS\SYSTEM32\dhcpcsvc6.DLL
0x00007ff98db70000 - 0x00007ff98db8d000 	C:\WINDOWS\SYSTEM32\dhcpcsvc.DLL
0x00007ff993d60000 - 0x00007ff993e2c000 	C:\WINDOWS\SYSTEM32\DNSAPI.dll
0x00007ff96e200000 - 0x00007ff96e209000 	C:\Program Files\Java\jdk-11.0.11\bin\management.dll
0x00007ff96e1f0000 - 0x00007ff96e1fb000 	C:\Program Files\Java\jdk-11.0.11\bin\management_ext.dll
0x00007ff9826e0000 - 0x00007ff9826f7000 	C:\WINDOWS\system32\napinsp.dll
0x00007ff981b40000 - 0x00007ff981b5b000 	C:\WINDOWS\system32\pnrpnsp.dll
0x00007ff98ef00000 - 0x00007ff98ef15000 	C:\WINDOWS\system32\wshbth.dll
0x00007ff98d580000 - 0x00007ff98d59d000 	C:\WINDOWS\system32\NLAapi.dll
0x00007ff981b20000 - 0x00007ff981b32000 	C:\WINDOWS\System32\winrnr.dll
0x00007ff98cc40000 - 0x00007ff98cc4a000 	C:\Windows\System32\rasadhlp.dll
0x00007ff98c130000 - 0x00007ff98c1af000 	C:\WINDOWS\System32\fwpuclnt.dll

dbghelp: loaded successfully - version: 4.0.5 - missing functions: none
symbol engine: initialized successfully - sym options: 0x614 - pdb path: .;C:\Program Files\Java\jdk-11.0.11\bin;C:\WINDOWS\SYSTEM32;C:\WINDOWS\WinSxS\amd64_microsoft.windows.common-controls_6595b64144ccf1df_6.0.19041.1110_none_60b5254171f9507e;C:\Program Files\Java\jdk-11.0.11\bin\server

VM Arguments:
jvm_args: -Dorg.gradle.native=false -Xmx512m -Dfile.encoding=x-windows-949 -Duser.country=KR -Duser.language=ko -Duser.variant -ea 
java_command: worker.org.gradle.process.internal.worker.GradleWorkerMain 'Gradle Test Executor 2'
java_class_path (initial): C:\\Users\\Mingu\\.gradle\\caches\\6.8.3\\workerMain\\gradle-worker.jar;C:\\Users\\Mingu\\IdeaProjects\\brtrip\\build\\classes\\java\\test;C:\\Users\\Mingu\\IdeaProjects\\brtrip\\build\\classes\\kotlin\\test;C:\\Users\\Mingu\\IdeaProjects\\brtrip\\build\\resources\\test;C:\\Users\\Mingu\\IdeaProjects\\brtrip\\build\\classes\\java\\main;C:\\Users\\Mingu\\IdeaProjects\\brtrip\\build\\classes\\kotlin\\main;C:\\Users\\Mingu\\IdeaProjects\\brtrip\\build\\resources\\main;C:\\Users\\Mingu\\.gradle\\caches\\modules-2\\files-2.1\\io.jsonwebtoken\\jjwt\\0.9.1\\54d2abfc3e63a28824d35bf600d6a5d627da681a\\jjwt-0.9.1.jar;C:\\Users\\Mingu\\.gradle\\caches\\modules-2\\files-2.1\\com.google.code.gson\\gson\\2.8.6\\9180733b7df8542621dc12e21e87557e8c99b8cb\\gson-2.8.6.jar;C:\\Users\\Mingu\\.gradle\\caches\\modules-2\\files-2.1\\com.google.guava\\guava\\30.1.1-jre\\87e0fd1df874ea3cbe577702fe6f17068b790fd8\\guava-30.1.1-jre.jar;C:\\Users\\Mingu\\.gradle\\caches\\modules-2\\files-2.1\\org.springframework.boot\\spring-boot-starter-data-jpa\\2.5.0\\84f42b4c2b85d59070d1b67c7e5b35a1f62c3e82\\spring-boot-starter-data-jpa-2.5.0.jar;C:\\Users\\Mingu\\.gradle\\caches\\modules-2\\files-2.1\\org.springframework.boot\\spring-boot-starter-validation\\2.5.0\\e5822bbdd2f3aa489a787c3fc8a915daf68f84b1\\spring-boot-starter-validation-2.5.0.jar;C:\\Users\\Mingu\\.gradle\\caches\\modules-2\\files-2.1\\org.springframework.boot\\spring-boot-starter-oauth2-client\\2.5.0\\d9000f8e944af722e5d1a83c3140955cd20a6d2f\\spring-boot-starter-oauth2-client-2.5.0.jar;C:\\Users\\Mingu\\.gradle\\caches\\modules-2\\files-2.1\\org.springframework.boot\\spring-boot-starter-security\\2.5.0\\96bcecfaf37ad892d764b2909b994a34b7b2d83e\\spring-boot-starter-security-2.5.0.jar;C:\\Users\\Mingu\\.gradle\\caches\\modules-2\\files-2.1\\org.springframework.boot\\spring-boot-starter-web\\2.5.0\\3103486844ed786b6ba420971ad137658a2da803\\spring-boot-starter-web-2.5.0.jar;C:\\Users\\Mingu\\.gradle\\caches\\modules
Launcher Type: SUN_STANDARD

[Global flags]
     intx CICompilerCount                          = 4                                         {product} {ergonomic}
     uint ConcGCThreads                            = 2                                         {product} {ergonomic}
     uint G1ConcRefinementThreads                  = 8                                         {product} {ergonomic}
   size_t G1HeapRegionSize                         = 1048576                                   {product} {ergonomic}
    uintx GCDrainStackTargetSize                   = 64                                        {product} {ergonomic}
   size_t InitialHeapSize                          = 132120576                                 {product} {ergonomic}
   size_t MarkStackSize                            = 4194304                                   {product} {ergonomic}
   size_t MaxHeapSize                              = 536870912                                 {product} {command line}
   size_t MaxNewSize                               = 321912832                                 {product} {ergonomic}
   size_t MinHeapDeltaBytes                        = 1048576                                   {product} {ergonomic}
    uintx NonNMethodCodeHeapSize                   = 5836300                                {pd product} {ergonomic}
    uintx NonProfiledCodeHeapSize                  = 122910970                              {pd product} {ergonomic}
    uintx ProfiledCodeHeapSize                     = 122910970                              {pd product} {ergonomic}
    uintx ReservedCodeCacheSize                    = 251658240                              {pd product} {ergonomic}
     bool SegmentedCodeCache                       = true                                      {product} {ergonomic}
     bool UseCompressedClassPointers               = true                                 {lp64_product} {ergonomic}
     bool UseCompressedOops                        = true                                 {lp64_product} {ergonomic}
     bool UseG1GC                                  = true                                      {product} {ergonomic}
     bool UseLargePagesIndividualAllocation        = false                                  {pd product} {ergonomic}

Logging:
Log output configuration:
 #0: stdout all=warning uptime,level,tags
 #1: stderr all=off uptime,level,tags

Environment Variables:
JAVA_HOME=C:\Program Files\Java\jdk-11.0.11
CLASSPATH=C:/Users/Mingu/IdeaProjects/brtrip/gradle/wrapper/gradle-wrapper.jar
PATH=C:\Users\Mingu\bin;C:\Program Files\Git\mingw64\bin;C:\Program Files\Git\usr\local\bin;C:\Program Files\Git\usr\bin;C:\Program Files\Git\usr\bin;C:\Program Files\Git\mingw64\bin;C:\Program Files\Git\usr\bin;C:\Users\Mingu\bin;C:\Program Files\Common Files\Oracle\Java\javapath;C:\Python38\Scripts;C:\Python38;C:\app\administrator\product\11.2.0\dbhome_1\bin;C:\app\Mingu\product\18.0.0\dbhomeXE\bin;C:\Program Files (x86)\Common Files\Oracle\Java\javapath;C:\Program Files (x86)\NAT Service;C:\WINDOWS\system32;C:\WINDOWS;C:\WINDOWS\System32\Wbem;C:\WINDOWS\System32\WindowsPowerShell\v1.0;C:\WINDOWS\System32\OpenSSH;C:\Program Files\Java\jdk-11.0.11\bin;C:\Program Files\Intel\WiFi\bin;C:\Program Files\Common Files\Intel\WirelessCommon;C:\Program Files\dotnet;C:\Program Files\Microsoft SQL Server\130\Tools\Binn;C:\Program Files\MySQL\MySQL Server 5.7\bin;C:\Program Files\nodejs;C:\ProgramData\chocolatey\bin;C:\Program Files\PuTTY;C:\Users\Mingu\devtools\apache-maven-3.8.1\bin;C:\Program Files\Git\cmd;C:\Program Files\Docker\Docker\resources\bin;C:\ProgramData\DockerDesktop\version-bin;C:\Program Files\MySQL\MySQL Shell 8.0\bin;C:\Users\Mingu\AppData\Local\Programs\Python\Python36-32\Scripts;C:\Users\Mingu\AppData\Local\Programs\Python\Python36-32;C:\Users\Mingu\AppData\Local\Microsoft\WindowsApps;C:\Program Files\Bandizip;C:\Program Files\Intel\WiFi\bin;C:\Program Files\Common Files\Intel\WirelessCommon;C:\Users\Mingu\AppData\Local\Microsoft\WindowsApps;C:\Users\Mingu\AppData\Local\Programs\Microsoft VS Code\bin;C:\Users\Mingu\AppData\Roaming\npm;C:\Program Files\Git\usr\bin\vendor_perl;C:\Program Files\Git\usr\bin\core_perl
USERNAME=Mingu
SHELL=C:\Program Files\Git\usr\bin\bash.exe
DISPLAY=needs-to-be-defined
OS=Windows_NT
PROCESSOR_IDENTIFIER=Intel64 Family 6 Model 142 Stepping 10, GenuineIntel



---------------  S Y S T E M  ---------------

OS: Windows 10 , 64 bit Build 19041 (10.0.19041.1202)
Hyper-V role detected

CPU:total 8 (initial active 8) (4 cores per cpu, 2 threads per core) family 6 model 142 stepping 10 microcode 0xb4, cmov, cx8, fxsr, mmx, sse, sse2, sse3, ssse3, sse4.1, sse4.2, popcnt, avx, avx2, aes, clmul, erms, 3dnowpref, lzcnt, ht, tsc, tscinvbit, bmi1, bmi2, adx, fma

Memory: 4k page, system-wide physical 8025M (415M free)
TotalPageFile size 32601M (AvailPageFile size 10M)
current process WorkingSet (physical memory assigned to process): 237M, peak: 242M
current process commit charge ("private bytes"): 315M, peak: 320M

vm_info: Java HotSpot(TM) 64-Bit Server VM (11.0.11+9-LTS-194) for windows-amd64 JRE (11.0.11+9-LTS-194), built on Mar 18 2021 18:46:53 by "mach5one" with MS VC++ 15.9 (VS2017)

END.
