#
# There is insufficient memory for the Java Runtime Environment to continue.
# Native memory allocation (malloc) failed to allocate 32744 bytes for ChunkPool::allocate
# Possible reasons:
#   The system is out of physical RAM or swap space
#   The process is running with CompressedOops enabled, and the Java Heap may be blocking the growth of the native heap
# Possible solutions:
#   Reduce memory load on the system
#   Increase physical memory or swap space
#   Check if swap backing store is full
#   Decrease Java heap size (-Xmx/-Xms)
#   Decrease number of Java threads
#   Decrease Java thread stack sizes (-Xss)
#   Set larger code cache with -XX:ReservedCodeCacheSize=
#   JVM is running with Unscaled Compressed Oops mode in which the Java heap is
#     placed in the first 4GB address space. The Java Heap base address is the
#     maximum limit for the native heap growth. Please use -XX:HeapBaseMinAddress
#     to set the Java Heap base and to place the Java Heap above 4GB virtual address.
# This output file may be truncated or incomplete.
#
#  Out of Memory Error (./open/src/hotspot/share/memory/arena.cpp:81), pid=94180, tid=100432
#
# JRE version: Java(TM) SE Runtime Environment 18.9 (11.0.11+9) (build 11.0.11+9-LTS-194)
# Java VM: Java HotSpot(TM) 64-Bit Server VM 18.9 (11.0.11+9-LTS-194, mixed mode, tiered, compressed oops, g1 gc, windows-amd64)
# No core dump will be written. Minidumps are not enabled by default on client versions of Windows
#

---------------  S U M M A R Y ------------

Command Line: -Dorg.gradle.native=false -Xmx512m -Dfile.encoding=x-windows-949 -Duser.country=KR -Duser.language=ko -Duser.variant -ea worker.org.gradle.process.internal.worker.GradleWorkerMain 'Gradle Test Executor 1'

Host: Intel(R) Core(TM) i5-8250U CPU @ 1.60GHz, 8 cores, 7G,  Windows 10 , 64 bit Build 19041 (10.0.19041.1202)
Time: Mon Oct 11 17:31:12 2021 대한민국 표준시 elapsed time: 22.760915 seconds (0d 0h 0m 22s)

---------------  T H R E A D  ---------------

Current thread (0x00000282a9330800):  JavaThread "C1 CompilerThread0" daemon [_thread_in_vm, id=100432, stack(0x000000fd3d000000,0x000000fd3d100000)]


Current CompileTask:
C1:  22761 6983       2       kotlin.reflect.jvm.internal.impl.descriptors.impl.FunctionDescriptorImpl::doSubstitute (848 bytes)

Stack: [0x000000fd3d000000,0x000000fd3d100000]
Native frames: (J=compiled Java code, j=interpreted, Vv=VM code, C=native code)
V  [jvm.dll+0x616f2a]
V  [jvm.dll+0x74de7f]
V  [jvm.dll+0x74f505]
V  [jvm.dll+0x74fb83]
V  [jvm.dll+0x2436d8]
V  [jvm.dll+0xbaa2b]
V  [jvm.dll+0xbad8c]
V  [jvm.dll+0x1a2545]
V  [jvm.dll+0x1ab872]
V  [jvm.dll+0x1abfb3]
V  [jvm.dll+0x19ba05]
V  [jvm.dll+0x19b662]
V  [jvm.dll+0x1af411]
V  [jvm.dll+0x129a4a]
V  [jvm.dll+0x12c619]
V  [jvm.dll+0x12a9ec]
V  [jvm.dll+0x13345b]
V  [jvm.dll+0x1329e8]
V  [jvm.dll+0x12a2d7]
V  [jvm.dll+0x12c619]
V  [jvm.dll+0x12a9ec]
V  [jvm.dll+0x13345b]
V  [jvm.dll+0x1329e8]
V  [jvm.dll+0x12a2d7]
V  [jvm.dll+0x12c619]
V  [jvm.dll+0x12aae4]
V  [jvm.dll+0x1247fc]
V  [jvm.dll+0x13478a]
V  [jvm.dll+0x11fb09]
V  [jvm.dll+0x11fe70]
V  [jvm.dll+0x12012f]
V  [jvm.dll+0x11f3d7]
V  [jvm.dll+0x1212e7]
V  [jvm.dll+0x20b68c]
V  [jvm.dll+0x20978b]
V  [jvm.dll+0x7152c9]
V  [jvm.dll+0x70dfc4]
V  [jvm.dll+0x6160f6]
C  [ucrtbase.dll+0x21bb2]
C  [KERNEL32.DLL+0x17034]
C  [ntdll.dll+0x52651]


---------------  P R O C E S S  ---------------

Threads class SMR info:
_java_thread_list=0x00000282aac94120, length=15, elements={
0x000002828dded800, 0x00000282a92de800, 0x00000282a9308000, 0x00000282a932a800,
0x00000282a932c000, 0x00000282a932d800, 0x00000282a9330800, 0x00000282a9331800,
0x00000282a9e3c000, 0x00000282a9e3e000, 0x00000282aa6ad000, 0x00000282aa782800,
0x00000282aa8f1800, 0x00000282ae48c800, 0x00000282aaa3e000
}

Java Threads: ( => current thread )
  0x000002828dded800 JavaThread "main" [_thread_blocked, id=100196, stack(0x000000fd3c400000,0x000000fd3c500000)]
  0x00000282a92de800 JavaThread "Reference Handler" daemon [_thread_blocked, id=100168, stack(0x000000fd3cb00000,0x000000fd3cc00000)]
  0x00000282a9308000 JavaThread "Finalizer" daemon [_thread_blocked, id=93156, stack(0x000000fd3cc00000,0x000000fd3cd00000)]
  0x00000282a932a800 JavaThread "Signal Dispatcher" daemon [_thread_blocked, id=100940, stack(0x000000fd3cd00000,0x000000fd3ce00000)]
  0x00000282a932c000 JavaThread "Attach Listener" daemon [_thread_blocked, id=87852, stack(0x000000fd3ce00000,0x000000fd3cf00000)]
  0x00000282a932d800 JavaThread "C2 CompilerThread0" daemon [_thread_in_native, id=100896, stack(0x000000fd3cf00000,0x000000fd3d000000)]
=>0x00000282a9330800 JavaThread "C1 CompilerThread0" daemon [_thread_in_vm, id=100432, stack(0x000000fd3d000000,0x000000fd3d100000)]
  0x00000282a9331800 JavaThread "Sweeper thread" daemon [_thread_blocked, id=100892, stack(0x000000fd3d100000,0x000000fd3d200000)]
  0x00000282a9e3c000 JavaThread "Service Thread" daemon [_thread_blocked, id=92524, stack(0x000000fd3d200000,0x000000fd3d300000)]
  0x00000282a9e3e000 JavaThread "Common-Cleaner" daemon [_thread_blocked, id=98564, stack(0x000000fd3d400000,0x000000fd3d500000)]
  0x00000282aa6ad000 JavaThread "Test worker" [_thread_in_Java, id=62468, stack(0x000000fd3d600000,0x000000fd3d700000)]
  0x00000282aa782800 JavaThread "/127.0.0.1:2611 to /127.0.0.1:2610 workers Thread 2" [_thread_blocked, id=101328, stack(0x000000fd3d700000,0x000000fd3d800000)]
  0x00000282aa8f1800 JavaThread "/127.0.0.1:2611 to /127.0.0.1:2610 workers Thread 3" [_thread_in_native, id=100952, stack(0x000000fd3d800000,0x000000fd3d900000)]
  0x00000282ae48c800 JavaThread "mysql-cj-abandoned-connection-cleanup" daemon [_thread_blocked, id=43312, stack(0x000000fd3e100000,0x000000fd3e200000)]
  0x00000282aaa3e000 JavaThread "HikariPool-1 housekeeper" daemon [_thread_blocked, id=98492, stack(0x000000fd3e200000,0x000000fd3e300000)]

Other Threads:
  0x00000282a92dc800 VMThread "VM Thread" [stack: 0x000000fd3ca00000,0x000000fd3cb00000] [id=94644]
  0x00000282a9c9f800 WatcherThread [stack: 0x000000fd3d300000,0x000000fd3d400000] [id=100800]
  0x000002828de01800 GCTaskThread "GC Thread#0" [stack: 0x000000fd3c500000,0x000000fd3c600000] [id=99332]
  0x00000282aa893800 GCTaskThread "GC Thread#1" [stack: 0x000000fd3d900000,0x000000fd3da00000] [id=99492]
  0x00000282aa88e000 GCTaskThread "GC Thread#2" [stack: 0x000000fd3da00000,0x000000fd3db00000] [id=101052]
  0x00000282aa98a800 GCTaskThread "GC Thread#3" [stack: 0x000000fd3db00000,0x000000fd3dc00000] [id=100508]
  0x00000282aa984000 GCTaskThread "GC Thread#4" [stack: 0x000000fd3dc00000,0x000000fd3dd00000] [id=85352]
  0x00000282aa984800 GCTaskThread "GC Thread#5" [stack: 0x000000fd3dd00000,0x000000fd3de00000] [id=101096]
  0x00000282aa985800 GCTaskThread "GC Thread#6" [stack: 0x000000fd3de00000,0x000000fd3df00000] [id=89484]
  0x00000282aa96d800 GCTaskThread "GC Thread#7" [stack: 0x000000fd3df00000,0x000000fd3e000000] [id=42412]
  0x000002828de15800 ConcurrentGCThread "G1 Main Marker" [stack: 0x000000fd3c600000,0x000000fd3c700000] [id=98948]
  0x000002828de18000 ConcurrentGCThread "G1 Conc#0" [stack: 0x000000fd3c700000,0x000000fd3c800000] [id=31832]
  0x00000282ab719000 ConcurrentGCThread "G1 Conc#1" [stack: 0x000000fd3e000000,0x000000fd3e100000] [id=43960]
  0x000002828deb1000 ConcurrentGCThread "G1 Refine#0" [stack: 0x000000fd3c800000,0x000000fd3c900000] [id=101336]
  0x000002828deb2000 ConcurrentGCThread "G1 Young RemSet Sampling" [stack: 0x000000fd3c900000,0x000000fd3ca00000] [id=101288]

Threads with active compile tasks:
C2 CompilerThread0  22902 6453       4       org.springframework.core.annotation.AnnotationsScanner::getBaseTypeMethods (145 bytes)
C1 CompilerThread0  22902 6983       2       kotlin.reflect.jvm.internal.impl.descriptors.impl.FunctionDescriptorImpl::doSubstitute (848 bytes)

VM state:not at safepoint (normal execution)

VM Mutex/Monitor currently owned by a thread: None

Heap address: 0x00000000e0000000, size: 512 MB, Compressed Oops mode: 32-bit
Narrow klass base: 0x0000000000000000, Narrow klass shift: 3
Compressed class space size: 1073741824 Address: 0x0000000100000000

Heap:
 garbage-first heap   total 129024K, used 88163K [0x00000000e0000000, 0x0000000100000000)
  region size 1024K, 63 young (64512K), 6 survivors (6144K)
 Metaspace       used 73916K, capacity 75696K, committed 75904K, reserved 1116160K
  class space    used 9277K, capacity 9988K, committed 10112K, reserved 1048576K
Heap Regions: E=young(eden), S=young(survivor), O=old, HS=humongous(starts), HC=humongous(continues), CS=collection set, F=free, A=archive, TAMS=top-at-mark-start (previous, next)
|   0|0x00000000e0000000, 0x00000000e0100000, 0x00000000e0100000|100%|HS|  |TAMS 0x00000000e0100000, 0x00000000e0000000| Complete 
|   1|0x00000000e0100000, 0x00000000e0200000, 0x00000000e0200000|100%| O|  |TAMS 0x00000000e0200000, 0x00000000e0100000| Untracked 
|   2|0x00000000e0200000, 0x00000000e0300000, 0x00000000e0300000|100%| O|  |TAMS 0x00000000e0300000, 0x00000000e0200000| Untracked 
|   3|0x00000000e0300000, 0x00000000e0400000, 0x00000000e0400000|100%| O|  |TAMS 0x00000000e0400000, 0x00000000e0300000| Untracked 
|   4|0x00000000e0400000, 0x00000000e0500000, 0x00000000e0500000|100%| O|  |TAMS 0x00000000e0500000, 0x00000000e0400000| Untracked 
|   5|0x00000000e0500000, 0x00000000e0600000, 0x00000000e0600000|100%| O|  |TAMS 0x00000000e0600000, 0x00000000e0500000| Untracked 
|   6|0x00000000e0600000, 0x00000000e0700000, 0x00000000e0700000|100%| O|  |TAMS 0x00000000e0700000, 0x00000000e0600000| Untracked 
|   7|0x00000000e0700000, 0x00000000e0800000, 0x00000000e0800000|100%| O|  |TAMS 0x00000000e0800000, 0x00000000e0700000| Untracked 
|   8|0x00000000e0800000, 0x00000000e0900000, 0x00000000e0900000|100%| O|  |TAMS 0x00000000e0900000, 0x00000000e0800000| Untracked 
|   9|0x00000000e0900000, 0x00000000e0a00000, 0x00000000e0a00000|100%| O|  |TAMS 0x00000000e0a00000, 0x00000000e0900000| Untracked 
|  10|0x00000000e0a00000, 0x00000000e0b00000, 0x00000000e0b00000|100%| O|  |TAMS 0x00000000e0b00000, 0x00000000e0a00000| Untracked 
|  11|0x00000000e0b00000, 0x00000000e0c00000, 0x00000000e0c00000|100%| O|  |TAMS 0x00000000e0c00000, 0x00000000e0b00000| Untracked 
|  12|0x00000000e0c00000, 0x00000000e0d00000, 0x00000000e0d00000|100%| O|  |TAMS 0x00000000e0d00000, 0x00000000e0c00000| Untracked 
|  13|0x00000000e0d00000, 0x00000000e0e00000, 0x00000000e0e00000|100%| O|  |TAMS 0x00000000e0e00000, 0x00000000e0d00000| Untracked 
|  14|0x00000000e0e00000, 0x00000000e0f00000, 0x00000000e0f00000|100%| O|  |TAMS 0x00000000e0f00000, 0x00000000e0e00000| Untracked 
|  15|0x00000000e0f00000, 0x00000000e1000000, 0x00000000e1000000|100%| O|  |TAMS 0x00000000e1000000, 0x00000000e0f00000| Untracked 
|  16|0x00000000e1000000, 0x00000000e1100000, 0x00000000e1100000|100%| O|  |TAMS 0x00000000e1100000, 0x00000000e1000000| Untracked 
|  17|0x00000000e1100000, 0x00000000e1200000, 0x00000000e1200000|100%| O|  |TAMS 0x00000000e1200000, 0x00000000e1100000| Untracked 
|  18|0x00000000e1200000, 0x00000000e1300000, 0x00000000e1300000|100%| O|  |TAMS 0x00000000e1300000, 0x00000000e1200000| Untracked 
|  19|0x00000000e1300000, 0x00000000e1400000, 0x00000000e1400000|100%| O|  |TAMS 0x00000000e1400000, 0x00000000e1300000| Untracked 
|  20|0x00000000e1400000, 0x00000000e1500000, 0x00000000e1500000|100%| O|  |TAMS 0x00000000e14eea00, 0x00000000e1400000| Untracked 
|  21|0x00000000e1500000, 0x00000000e1600000, 0x00000000e1600000|100%| O|  |TAMS 0x00000000e1500000, 0x00000000e1500000| Untracked 
|  22|0x00000000e1600000, 0x00000000e1700000, 0x00000000e1700000|100%| O|  |TAMS 0x00000000e1600000, 0x00000000e1600000| Untracked 
|  23|0x00000000e1700000, 0x00000000e1800000, 0x00000000e1800000|100%| O|  |TAMS 0x00000000e1700000, 0x00000000e1700000| Untracked 
|  24|0x00000000e1800000, 0x00000000e1876000, 0x00000000e1900000| 46%| O|  |TAMS 0x00000000e1800000, 0x00000000e1800000| Untracked 
|  25|0x00000000e1900000, 0x00000000e1900000, 0x00000000e1a00000|  0%| F|  |TAMS 0x00000000e1900000, 0x00000000e1900000| Untracked 
|  26|0x00000000e1a00000, 0x00000000e1a00000, 0x00000000e1b00000|  0%| F|  |TAMS 0x00000000e1a00000, 0x00000000e1a00000| Untracked 
|  27|0x00000000e1b00000, 0x00000000e1b00000, 0x00000000e1c00000|  0%| F|  |TAMS 0x00000000e1b00000, 0x00000000e1b00000| Untracked 
|  28|0x00000000e1c00000, 0x00000000e1c00000, 0x00000000e1d00000|  0%| F|  |TAMS 0x00000000e1c00000, 0x00000000e1c00000| Untracked 
|  29|0x00000000e1d00000, 0x00000000e1d00000, 0x00000000e1e00000|  0%| F|  |TAMS 0x00000000e1d00000, 0x00000000e1d00000| Untracked 
|  30|0x00000000e1e00000, 0x00000000e1e00000, 0x00000000e1f00000|  0%| F|  |TAMS 0x00000000e1e00000, 0x00000000e1e00000| Untracked 
|  31|0x00000000e1f00000, 0x00000000e1f00000, 0x00000000e2000000|  0%| F|  |TAMS 0x00000000e1f00000, 0x00000000e1f00000| Untracked 
|  32|0x00000000e2000000, 0x00000000e2000000, 0x00000000e2100000|  0%| F|  |TAMS 0x00000000e2000000, 0x00000000e2000000| Untracked 
|  33|0x00000000e2100000, 0x00000000e2100000, 0x00000000e2200000|  0%| F|  |TAMS 0x00000000e2100000, 0x00000000e2100000| Untracked 
|  34|0x00000000e2200000, 0x00000000e2200000, 0x00000000e2300000|  0%| F|  |TAMS 0x00000000e2200000, 0x00000000e2200000| Untracked 
|  35|0x00000000e2300000, 0x00000000e2300000, 0x00000000e2400000|  0%| F|  |TAMS 0x00000000e2300000, 0x00000000e2300000| Untracked 
|  36|0x00000000e2400000, 0x00000000e2400000, 0x00000000e2500000|  0%| F|  |TAMS 0x00000000e2400000, 0x00000000e2400000| Untracked 
|  37|0x00000000e2500000, 0x00000000e2500000, 0x00000000e2600000|  0%| F|  |TAMS 0x00000000e2500000, 0x00000000e2500000| Untracked 
|  38|0x00000000e2600000, 0x00000000e2600000, 0x00000000e2700000|  0%| F|  |TAMS 0x00000000e2600000, 0x00000000e2600000| Untracked 
|  39|0x00000000e2700000, 0x00000000e2700000, 0x00000000e2800000|  0%| F|  |TAMS 0x00000000e2700000, 0x00000000e2700000| Untracked 
|  40|0x00000000e2800000, 0x00000000e2800000, 0x00000000e2900000|  0%| F|  |TAMS 0x00000000e2800000, 0x00000000e2800000| Untracked 
|  41|0x00000000e2900000, 0x00000000e2900000, 0x00000000e2a00000|  0%| F|  |TAMS 0x00000000e2900000, 0x00000000e2900000| Untracked 
|  42|0x00000000e2a00000, 0x00000000e2a00000, 0x00000000e2b00000|  0%| F|  |TAMS 0x00000000e2a00000, 0x00000000e2a00000| Untracked 
|  43|0x00000000e2b00000, 0x00000000e2b00000, 0x00000000e2c00000|  0%| F|  |TAMS 0x00000000e2b00000, 0x00000000e2b00000| Untracked 
|  44|0x00000000e2c00000, 0x00000000e2c00000, 0x00000000e2d00000|  0%| F|  |TAMS 0x00000000e2c00000, 0x00000000e2c00000| Untracked 
|  45|0x00000000e2d00000, 0x00000000e2d00000, 0x00000000e2e00000|  0%| F|  |TAMS 0x00000000e2d00000, 0x00000000e2d00000| Untracked 
|  46|0x00000000e2e00000, 0x00000000e2e00000, 0x00000000e2f00000|  0%| F|  |TAMS 0x00000000e2e00000, 0x00000000e2e00000| Untracked 
|  47|0x00000000e2f00000, 0x00000000e2f00000, 0x00000000e3000000|  0%| F|  |TAMS 0x00000000e2f00000, 0x00000000e2f00000| Untracked 
|  48|0x00000000e3000000, 0x00000000e3000000, 0x00000000e3100000|  0%| F|  |TAMS 0x00000000e3000000, 0x00000000e3000000| Untracked 
|  49|0x00000000e3100000, 0x00000000e3100000, 0x00000000e3200000|  0%| F|  |TAMS 0x00000000e3100000, 0x00000000e3100000| Untracked 
|  50|0x00000000e3200000, 0x00000000e3200000, 0x00000000e3300000|  0%| F|  |TAMS 0x00000000e3200000, 0x00000000e3200000| Untracked 
|  51|0x00000000e3300000, 0x00000000e3300000, 0x00000000e3400000|  0%| F|  |TAMS 0x00000000e3300000, 0x00000000e3300000| Untracked 
|  52|0x00000000e3400000, 0x00000000e34a2f08, 0x00000000e3500000| 63%| S|CS|TAMS 0x00000000e3400000, 0x00000000e3400000| Complete 
|  53|0x00000000e3500000, 0x00000000e3600000, 0x00000000e3600000|100%| S|CS|TAMS 0x00000000e3500000, 0x00000000e3500000| Complete 
|  54|0x00000000e3600000, 0x00000000e3700000, 0x00000000e3700000|100%| S|CS|TAMS 0x00000000e3600000, 0x00000000e3600000| Complete 
|  55|0x00000000e3700000, 0x00000000e3800000, 0x00000000e3800000|100%| S|CS|TAMS 0x00000000e3700000, 0x00000000e3700000| Complete 
|  56|0x00000000e3800000, 0x00000000e3900000, 0x00000000e3900000|100%| S|CS|TAMS 0x00000000e3800000, 0x00000000e3800000| Complete 
|  57|0x00000000e3900000, 0x00000000e3a00000, 0x00000000e3a00000|100%| S|CS|TAMS 0x00000000e3900000, 0x00000000e3900000| Complete 
|  58|0x00000000e3a00000, 0x00000000e3a00000, 0x00000000e3b00000|  0%| F|  |TAMS 0x00000000e3a00000, 0x00000000e3a00000| Untracked 
|  59|0x00000000e3b00000, 0x00000000e3b00000, 0x00000000e3c00000|  0%| F|  |TAMS 0x00000000e3b00000, 0x00000000e3b00000| Untracked 
|  60|0x00000000e3c00000, 0x00000000e3c00000, 0x00000000e3d00000|  0%| F|  |TAMS 0x00000000e3c00000, 0x00000000e3c00000| Untracked 
|  61|0x00000000e3d00000, 0x00000000e3d00000, 0x00000000e3e00000|  0%| F|  |TAMS 0x00000000e3d00000, 0x00000000e3d00000| Untracked 
|  62|0x00000000e3e00000, 0x00000000e3e00000, 0x00000000e3f00000|  0%| F|  |TAMS 0x00000000e3e00000, 0x00000000e3e00000| Untracked 
|  63|0x00000000e3f00000, 0x00000000e3f00000, 0x00000000e4000000|  0%| F|  |TAMS 0x00000000e3f00000, 0x00000000e3f00000| Untracked 
|  64|0x00000000e4000000, 0x00000000e4000000, 0x00000000e4100000|  0%| F|  |TAMS 0x00000000e4000000, 0x00000000e4000000| Untracked 
|  65|0x00000000e4100000, 0x00000000e4100000, 0x00000000e4200000|  0%| F|  |TAMS 0x00000000e4100000, 0x00000000e4100000| Untracked 
|  66|0x00000000e4200000, 0x00000000e4200000, 0x00000000e4300000|  0%| F|  |TAMS 0x00000000e4200000, 0x00000000e4200000| Untracked 
|  67|0x00000000e4300000, 0x00000000e4300000, 0x00000000e4400000|  0%| F|  |TAMS 0x00000000e4300000, 0x00000000e4300000| Untracked 
|  68|0x00000000e4400000, 0x00000000e4400000, 0x00000000e4500000|  0%| F|  |TAMS 0x00000000e4400000, 0x00000000e4400000| Untracked 
|  69|0x00000000e4500000, 0x00000000e4600000, 0x00000000e4600000|100%| E|  |TAMS 0x00000000e4500000, 0x00000000e4500000| Complete 
|  70|0x00000000e4600000, 0x00000000e4700000, 0x00000000e4700000|100%| E|CS|TAMS 0x00000000e4600000, 0x00000000e4600000| Complete 
|  71|0x00000000e4700000, 0x00000000e4800000, 0x00000000e4800000|100%| E|CS|TAMS 0x00000000e4700000, 0x00000000e4700000| Complete 
|  72|0x00000000e4800000, 0x00000000e4900000, 0x00000000e4900000|100%| E|CS|TAMS 0x00000000e4800000, 0x00000000e4800000| Complete 
|  73|0x00000000e4900000, 0x00000000e4a00000, 0x00000000e4a00000|100%| E|CS|TAMS 0x00000000e4900000, 0x00000000e4900000| Complete 
|  74|0x00000000e4a00000, 0x00000000e4b00000, 0x00000000e4b00000|100%| E|CS|TAMS 0x00000000e4a00000, 0x00000000e4a00000| Complete 
|  75|0x00000000e4b00000, 0x00000000e4c00000, 0x00000000e4c00000|100%| E|CS|TAMS 0x00000000e4b00000, 0x00000000e4b00000| Complete 
|  76|0x00000000e4c00000, 0x00000000e4d00000, 0x00000000e4d00000|100%| E|CS|TAMS 0x00000000e4c00000, 0x00000000e4c00000| Complete 
|  77|0x00000000e4d00000, 0x00000000e4e00000, 0x00000000e4e00000|100%| E|CS|TAMS 0x00000000e4d00000, 0x00000000e4d00000| Complete 
|  78|0x00000000e4e00000, 0x00000000e4f00000, 0x00000000e4f00000|100%| E|CS|TAMS 0x00000000e4e00000, 0x00000000e4e00000| Complete 
|  79|0x00000000e4f00000, 0x00000000e5000000, 0x00000000e5000000|100%| E|CS|TAMS 0x00000000e4f00000, 0x00000000e4f00000| Complete 
|  80|0x00000000e5000000, 0x00000000e5100000, 0x00000000e5100000|100%| E|CS|TAMS 0x00000000e5000000, 0x00000000e5000000| Complete 
|  81|0x00000000e5100000, 0x00000000e5200000, 0x00000000e5200000|100%| E|CS|TAMS 0x00000000e5100000, 0x00000000e5100000| Complete 
|  82|0x00000000e5200000, 0x00000000e5300000, 0x00000000e5300000|100%| E|CS|TAMS 0x00000000e5200000, 0x00000000e5200000| Complete 
|  83|0x00000000e5300000, 0x00000000e5400000, 0x00000000e5400000|100%| E|CS|TAMS 0x00000000e5300000, 0x00000000e5300000| Complete 
|  84|0x00000000e5400000, 0x00000000e5500000, 0x00000000e5500000|100%| E|CS|TAMS 0x00000000e5400000, 0x00000000e5400000| Complete 
|  85|0x00000000e5500000, 0x00000000e5600000, 0x00000000e5600000|100%| E|CS|TAMS 0x00000000e5500000, 0x00000000e5500000| Complete 
|  86|0x00000000e5600000, 0x00000000e5700000, 0x00000000e5700000|100%| E|CS|TAMS 0x00000000e5600000, 0x00000000e5600000| Complete 
|  87|0x00000000e5700000, 0x00000000e5800000, 0x00000000e5800000|100%| E|CS|TAMS 0x00000000e5700000, 0x00000000e5700000| Complete 
|  88|0x00000000e5800000, 0x00000000e5900000, 0x00000000e5900000|100%| E|CS|TAMS 0x00000000e5800000, 0x00000000e5800000| Complete 
|  89|0x00000000e5900000, 0x00000000e5a00000, 0x00000000e5a00000|100%| E|CS|TAMS 0x00000000e5900000, 0x00000000e5900000| Complete 
|  90|0x00000000e5a00000, 0x00000000e5b00000, 0x00000000e5b00000|100%| E|CS|TAMS 0x00000000e5a00000, 0x00000000e5a00000| Complete 
|  91|0x00000000e5b00000, 0x00000000e5c00000, 0x00000000e5c00000|100%| E|CS|TAMS 0x00000000e5b00000, 0x00000000e5b00000| Complete 
|  92|0x00000000e5c00000, 0x00000000e5d00000, 0x00000000e5d00000|100%| E|CS|TAMS 0x00000000e5c00000, 0x00000000e5c00000| Complete 
|  93|0x00000000e5d00000, 0x00000000e5e00000, 0x00000000e5e00000|100%| E|CS|TAMS 0x00000000e5d00000, 0x00000000e5d00000| Complete 
|  94|0x00000000e5e00000, 0x00000000e5f00000, 0x00000000e5f00000|100%| E|CS|TAMS 0x00000000e5e00000, 0x00000000e5e00000| Complete 
|  95|0x00000000e5f00000, 0x00000000e6000000, 0x00000000e6000000|100%| E|CS|TAMS 0x00000000e5f00000, 0x00000000e5f00000| Complete 
|  96|0x00000000e6000000, 0x00000000e6100000, 0x00000000e6100000|100%| E|CS|TAMS 0x00000000e6000000, 0x00000000e6000000| Complete 
|  97|0x00000000e6100000, 0x00000000e6200000, 0x00000000e6200000|100%| E|CS|TAMS 0x00000000e6100000, 0x00000000e6100000| Complete 
|  98|0x00000000e6200000, 0x00000000e6300000, 0x00000000e6300000|100%| E|CS|TAMS 0x00000000e6200000, 0x00000000e6200000| Complete 
|  99|0x00000000e6300000, 0x00000000e6400000, 0x00000000e6400000|100%| E|CS|TAMS 0x00000000e6300000, 0x00000000e6300000| Complete 
| 100|0x00000000e6400000, 0x00000000e6500000, 0x00000000e6500000|100%| E|CS|TAMS 0x00000000e6400000, 0x00000000e6400000| Complete 
| 101|0x00000000e6500000, 0x00000000e6600000, 0x00000000e6600000|100%| E|CS|TAMS 0x00000000e6500000, 0x00000000e6500000| Complete 
| 102|0x00000000e6600000, 0x00000000e6700000, 0x00000000e6700000|100%| E|CS|TAMS 0x00000000e6600000, 0x00000000e6600000| Complete 
| 103|0x00000000e6700000, 0x00000000e6800000, 0x00000000e6800000|100%| E|CS|TAMS 0x00000000e6700000, 0x00000000e6700000| Complete 
| 104|0x00000000e6800000, 0x00000000e6900000, 0x00000000e6900000|100%| E|CS|TAMS 0x00000000e6800000, 0x00000000e6800000| Complete 
| 105|0x00000000e6900000, 0x00000000e6a00000, 0x00000000e6a00000|100%| E|CS|TAMS 0x00000000e6900000, 0x00000000e6900000| Complete 
| 106|0x00000000e6a00000, 0x00000000e6b00000, 0x00000000e6b00000|100%| E|CS|TAMS 0x00000000e6a00000, 0x00000000e6a00000| Complete 
| 107|0x00000000e6b00000, 0x00000000e6c00000, 0x00000000e6c00000|100%| E|CS|TAMS 0x00000000e6b00000, 0x00000000e6b00000| Complete 
| 108|0x00000000e6c00000, 0x00000000e6d00000, 0x00000000e6d00000|100%| E|CS|TAMS 0x00000000e6c00000, 0x00000000e6c00000| Complete 
| 109|0x00000000e6d00000, 0x00000000e6e00000, 0x00000000e6e00000|100%| E|CS|TAMS 0x00000000e6d00000, 0x00000000e6d00000| Complete 
| 110|0x00000000e6e00000, 0x00000000e6f00000, 0x00000000e6f00000|100%| E|CS|TAMS 0x00000000e6e00000, 0x00000000e6e00000| Complete 
| 111|0x00000000e6f00000, 0x00000000e7000000, 0x00000000e7000000|100%| E|CS|TAMS 0x00000000e6f00000, 0x00000000e6f00000| Complete 
| 112|0x00000000e7000000, 0x00000000e7100000, 0x00000000e7100000|100%| E|CS|TAMS 0x00000000e7000000, 0x00000000e7000000| Complete 
| 113|0x00000000e7100000, 0x00000000e7200000, 0x00000000e7200000|100%| E|CS|TAMS 0x00000000e7100000, 0x00000000e7100000| Complete 
| 114|0x00000000e7200000, 0x00000000e7300000, 0x00000000e7300000|100%| E|CS|TAMS 0x00000000e7200000, 0x00000000e7200000| Complete 
| 115|0x00000000e7300000, 0x00000000e7400000, 0x00000000e7400000|100%| E|CS|TAMS 0x00000000e7300000, 0x00000000e7300000| Complete 
| 116|0x00000000e7400000, 0x00000000e7500000, 0x00000000e7500000|100%| E|CS|TAMS 0x00000000e7400000, 0x00000000e7400000| Complete 
| 117|0x00000000e7500000, 0x00000000e7600000, 0x00000000e7600000|100%| E|CS|TAMS 0x00000000e7500000, 0x00000000e7500000| Complete 
| 118|0x00000000e7600000, 0x00000000e7700000, 0x00000000e7700000|100%| E|CS|TAMS 0x00000000e7600000, 0x00000000e7600000| Complete 
| 119|0x00000000e7700000, 0x00000000e7800000, 0x00000000e7800000|100%| E|CS|TAMS 0x00000000e7700000, 0x00000000e7700000| Complete 
| 120|0x00000000e7800000, 0x00000000e7900000, 0x00000000e7900000|100%| E|CS|TAMS 0x00000000e7800000, 0x00000000e7800000| Complete 
| 121|0x00000000e7900000, 0x00000000e7a00000, 0x00000000e7a00000|100%| E|CS|TAMS 0x00000000e7900000, 0x00000000e7900000| Complete 
| 122|0x00000000e7a00000, 0x00000000e7b00000, 0x00000000e7b00000|100%| E|CS|TAMS 0x00000000e7a00000, 0x00000000e7a00000| Complete 
| 123|0x00000000e7b00000, 0x00000000e7c00000, 0x00000000e7c00000|100%| E|CS|TAMS 0x00000000e7b00000, 0x00000000e7b00000| Complete 
| 124|0x00000000e7c00000, 0x00000000e7d00000, 0x00000000e7d00000|100%| E|CS|TAMS 0x00000000e7c00000, 0x00000000e7c00000| Complete 
| 125|0x00000000e7d00000, 0x00000000e7e00000, 0x00000000e7e00000|100%| E|CS|TAMS 0x00000000e7d00000, 0x00000000e7d00000| Complete 

Card table byte_map: [0x00000282a56c0000,0x00000282a57c0000] _byte_map_base: 0x00000282a4fc0000

Marking Bits (Prev, Next): (CMBitMap*) 0x000002828de12a40, (CMBitMap*) 0x000002828de12a08
 Prev Bits: [0x00000282a60c0000, 0x00000282a68c0000)
 Next Bits: [0x00000282a58c0000, 0x00000282a60c0000)

Polling page: 0x000002828bd50000

Metaspace:

Usage:
  Non-class:     64.18 MB capacity,    63.15 MB ( 98%) used,   824.47 KB (  1%) free+waste,   230.38 KB ( <1%) overhead. 
      Class:      9.79 MB capacity,     9.06 MB ( 93%) used,   634.58 KB (  6%) free+waste,   107.44 KB (  1%) overhead. 
       Both:     73.96 MB capacity,    72.21 MB ( 98%) used,     1.42 MB (  2%) free+waste,   337.81 KB ( <1%) overhead. 

Virtual space:
  Non-class space:       66.00 MB reserved,      64.25 MB ( 97%) committed 
      Class space:        1.00 GB reserved,       9.88 MB ( <1%) committed 
             Both:        1.06 GB reserved,      74.13 MB (  7%) committed 

Chunk freelists:
   Non-Class:  1.38 KB
       Class:  3.13 KB
        Both:  4.50 KB

CodeHeap 'non-profiled nmethods': size=120000Kb used=3413Kb max_used=3413Kb free=116586Kb
 bounds [0x000002829dd60000, 0x000002829e0c0000, 0x00000282a5290000]
CodeHeap 'profiled nmethods': size=120000Kb used=15139Kb max_used=15139Kb free=104860Kb
 bounds [0x0000028296830000, 0x0000028297700000, 0x000002829dd60000]
CodeHeap 'non-nmethods': size=5760Kb used=1256Kb max_used=1309Kb free=4503Kb
 bounds [0x0000028296290000, 0x0000028296500000, 0x0000028296830000]
 total_blobs=7478 nmethods=6832 adapters=557
 compilation: enabled
              stopped_count=0, restarted_count=0
 full_count=0

Compilation events (10 events):
Event: 22.747 Thread 0x00000282a9330800 nmethod 6973 0x00000282976f4210 code [0x00000282976f4440, 0x00000282976f4858]
Event: 22.747 Thread 0x00000282a9330800 6975       2       kotlin.reflect.jvm.internal.impl.metadata.ProtoBuf$Class::isInitialized (339 bytes)
Event: 22.750 Thread 0x00000282a9330800 nmethod 6975 0x00000282976f4b90 code [0x00000282976f4ee0, 0x00000282976f5b38]
Event: 22.750 Thread 0x00000282a9330800 6977       2       kotlin.reflect.jvm.internal.impl.load.kotlin.header.ReadKotlinClassHeaderAnnotationVisitor$KotlinMetadataArgumentVisitor::visit (175 bytes)
Event: 22.752 Thread 0x00000282a9330800 nmethod 6977 0x00000282976f6290 code [0x00000282976f64e0, 0x00000282976f6c78]
Event: 22.752 Thread 0x00000282a9330800 6980       2       kotlin.reflect.jvm.internal.impl.descriptors.impl.ValueParameterDescriptorImpl$Companion::createWithDestructuringDeclarations (100 bytes)
Event: 22.753 Thread 0x00000282a9330800 nmethod 6980 0x00000282976f7090 code [0x00000282976f73a0, 0x00000282976f7f18]
Event: 22.753 Thread 0x00000282a9330800 6976       2       kotlin.reflect.jvm.internal.impl.descriptors.deserialization.PlatformDependentTypeTransformer$None::transformPlatformType (14 bytes)
Event: 22.754 Thread 0x00000282a9330800 nmethod 6976 0x00000282976f8690 code [0x00000282976f88c0, 0x00000282976f8cd8]
Event: 22.754 Thread 0x00000282a9330800 6983       2       kotlin.reflect.jvm.internal.impl.descriptors.impl.FunctionDescriptorImpl::doSubstitute (848 bytes)

GC Heap History (10 events):
Event: 12.413 GC heap before
{Heap before GC invocations=9 (full 0):
 garbage-first heap   total 129024K, used 88893K [0x00000000e0000000, 0x0000000100000000)
  region size 1024K, 75 young (76800K), 6 survivors (6144K)
 Metaspace       used 48264K, capacity 49597K, committed 49792K, reserved 1093632K
  class space    used 5931K, capacity 6475K, committed 6528K, reserved 1048576K
}
Event: 12.420 GC heap after
{Heap after GC invocations=10 (full 0):
 garbage-first heap   total 129024K, used 21888K [0x00000000e0000000, 0x0000000100000000)
  region size 1024K, 8 young (8192K), 8 survivors (8192K)
 Metaspace       used 48264K, capacity 49597K, committed 49792K, reserved 1093632K
  class space    used 5931K, capacity 6475K, committed 6528K, reserved 1048576K
}
Event: 14.602 GC heap before
{Heap before GC invocations=10 (full 0):
 garbage-first heap   total 129024K, used 90496K [0x00000000e0000000, 0x0000000100000000)
  region size 1024K, 75 young (76800K), 8 survivors (8192K)
 Metaspace       used 55263K, capacity 56682K, committed 56832K, reserved 1099776K
  class space    used 6764K, capacity 7337K, committed 7424K, reserved 1048576K
}
Event: 14.612 GC heap after
{Heap after GC invocations=11 (full 0):
 garbage-first heap   total 129024K, used 25652K [0x00000000e0000000, 0x0000000100000000)
  region size 1024K, 9 young (9216K), 9 survivors (9216K)
 Metaspace       used 55263K, capacity 56682K, committed 56832K, reserved 1099776K
  class space    used 6764K, capacity 7337K, committed 7424K, reserved 1048576K
}
Event: 15.862 GC heap before
{Heap before GC invocations=11 (full 0):
 garbage-first heap   total 129024K, used 54324K [0x00000000e0000000, 0x0000000100000000)
  region size 1024K, 38 young (38912K), 9 survivors (9216K)
 Metaspace       used 58105K, capacity 59546K, committed 59648K, reserved 1101824K
  class space    used 7279K, capacity 7864K, committed 7936K, reserved 1048576K
}
Event: 15.873 GC heap after
{Heap after GC invocations=12 (full 0):
 garbage-first heap   total 129024K, used 26315K [0x00000000e0000000, 0x0000000100000000)
  region size 1024K, 5 young (5120K), 5 survivors (5120K)
 Metaspace       used 58105K, capacity 59546K, committed 59648K, reserved 1101824K
  class space    used 7279K, capacity 7864K, committed 7936K, reserved 1048576K
}
Event: 19.296 GC heap before
{Heap before GC invocations=13 (full 0):
 garbage-first heap   total 129024K, used 97995K [0x00000000e0000000, 0x0000000100000000)
  region size 1024K, 75 young (76800K), 5 survivors (5120K)
 Metaspace       used 67306K, capacity 68795K, committed 68864K, reserved 1110016K
  class space    used 8558K, capacity 9155K, committed 9216K, reserved 1048576K
}
Event: 19.304 GC heap after
{Heap after GC invocations=14 (full 0):
 garbage-first heap   total 129024K, used 28110K [0x00000000e0000000, 0x0000000100000000)
  region size 1024K, 7 young (7168K), 7 survivors (7168K)
 Metaspace       used 67306K, capacity 68795K, committed 68864K, reserved 1110016K
  class space    used 8558K, capacity 9155K, committed 9216K, reserved 1048576K
}
Event: 21.587 GC heap before
{Heap before GC invocations=14 (full 0):
 garbage-first heap   total 129024K, used 97742K [0x00000000e0000000, 0x0000000100000000)
  region size 1024K, 75 young (76800K), 7 survivors (7168K)
 Metaspace       used 72708K, capacity 74468K, committed 74752K, reserved 1114112K
  class space    used 9186K, capacity 9889K, committed 9984K, reserved 1048576K
}
Event: 21.595 GC heap after
{Heap after GC invocations=15 (full 0):
 garbage-first heap   total 129024K, used 30819K [0x00000000e0000000, 0x0000000100000000)
  region size 1024K, 6 young (6144K), 6 survivors (6144K)
 Metaspace       used 72708K, capacity 74468K, committed 74752K, reserved 1114112K
  class space    used 9186K, capacity 9889K, committed 9984K, reserved 1048576K
}

Deoptimization events (10 events):
Event: 19.169 Thread 0x00000282aa6ad000 Uncommon trap: reason=unstable_if action=reinterpret pc=0x000002829e0080e0 method=java.util.HashMap$HashIterator.<init>(Ljava/util/HashMap;)V @ 45 c2
Event: 19.346 Thread 0x00000282aa6ad000 Uncommon trap: reason=unstable_if action=reinterpret pc=0x000002829df21978 method=java.util.StringTokenizer.scanToken(I)I @ 96 c2
Event: 19.650 Thread 0x00000282aa6ad000 Uncommon trap: reason=unstable_if action=reinterpret pc=0x000002829de9308c method=java.util.concurrent.ConcurrentHashMap.get(Ljava/lang/Object;)Ljava/lang/Object; @ 152 c2
Event: 19.788 Thread 0x00000282aa6ad000 Uncommon trap: reason=unstable_if action=reinterpret pc=0x000002829dedfd70 method=java.util.WeakHashMap.put(Ljava/lang/Object;Ljava/lang/Object;)Ljava/lang/Object; @ 148 c2
Event: 20.184 Thread 0x00000282aa6ad000 Uncommon trap: reason=speculate_null_assert action=make_not_entrant pc=0x000002829df60538 method=org.springframework.util.ConcurrentReferenceHashMap$Segment.restructureIfNecessary(Z)V @ 41 c2
Event: 20.236 Thread 0x00000282aa6ad000 Uncommon trap: reason=speculate_null_assert action=make_not_entrant pc=0x000002829de3a0fc method=org.springframework.util.ConcurrentReferenceHashMap$Segment.restructureIfNecessary(Z)V @ 41 c2
Event: 21.136 Thread 0x00000282aa6ad000 Uncommon trap: reason=null_check action=make_not_entrant pc=0x000002829df22ca4 method=org.springframework.util.ClassUtils.isAssignable(Ljava/lang/Class;Ljava/lang/Class;)Z @ 14 c2
Event: 21.192 Thread 0x00000282aa6ad000 Uncommon trap: reason=null_check action=make_not_entrant pc=0x000002829e072468 method=org.springframework.core.annotation.TypeMappedAnnotations$MergedAnnotationFinder.finish(Ljava/lang/Object;)Ljava/lang/Object; @ 2 c2
Event: 21.403 Thread 0x00000282aa6ad000 Uncommon trap: reason=unstable_if action=reinterpret pc=0x000002829dfa3864 method=java.util.concurrent.ConcurrentHashMap.putVal(Ljava/lang/Object;Ljava/lang/Object;Z)Ljava/lang/Object; @ 401 c2
Event: 21.521 Thread 0x00000282aa6ad000 Uncommon trap: reason=unstable_if action=reinterpret pc=0x000002829e074ee4 method=org.springframework.core.annotation.AnnotationsScanner.processClassHierarchy(Ljava/lang/Object;[ILjava/lang/Class;Lorg/springframework/core/annotation/AnnotationsProcessor;Z

Classes redefined (0 events):
No events

Internal exceptions (10 events):
Event: 22.649 Thread 0x00000282aa6ad000 Exception <a 'java/lang/ClassNotFoundException'{0x00000000e54e04e8}: com/brtrip/config/AuditingConfig$$EnhancerBySpringCGLIB$$4d1184afCustomizer> (0x00000000e54e04e8) thrown at [./open/src/hotspot/share/classfile/systemDictionary.cpp, line 228]
Event: 22.653 Thread 0x00000282aa6ad000 Exception <a 'java/lang/ClassNotFoundException'{0x00000000e5309210}: org/springframework/context/annotation/ConfigurationClassEnhancer$EnhancedConfigurationCustomizer> (0x00000000e5309210) thrown at [./open/src/hotspot/share/classfile/systemDictionary.cpp
Event: 22.655 Thread 0x00000282aa6ad000 Exception <a 'java/lang/ClassNotFoundException'{0x00000000e53252d0}: org/springframework/beans/factory/BeanFactoryAwareCustomizer> (0x00000000e53252d0) thrown at [./open/src/hotspot/share/classfile/systemDictionary.cpp, line 228]
Event: 22.658 Thread 0x00000282aa6ad000 Exception <a 'java/lang/ClassNotFoundException'{0x00000000e533f898}: org/springframework/beans/factory/AwareCustomizer> (0x00000000e533f898) thrown at [./open/src/hotspot/share/classfile/systemDictionary.cpp, line 228]
Event: 22.660 Thread 0x00000282aa6ad000 Exception <a 'java/lang/ClassNotFoundException'{0x00000000e53487e8}: java/lang/ObjectCustomizer> (0x00000000e53487e8) thrown at [./open/src/hotspot/share/classfile/systemDictionary.cpp, line 228]
Event: 22.664 Thread 0x00000282aa6ad000 Exception <a 'java/lang/ClassNotFoundException'{0x00000000e5363fa8}: com/brtrip/config/ETagHeaderFilterCustomizer> (0x00000000e5363fa8) thrown at [./open/src/hotspot/share/classfile/systemDictionary.cpp, line 228]
Event: 22.668 Thread 0x00000282aa6ad000 Exception <a 'java/lang/ClassNotFoundException'{0x00000000e53850d0}: com/brtrip/config/ETagHeaderFilter$$EnhancerBySpringCGLIB$$c2d68f80Customizer> (0x00000000e53850d0) thrown at [./open/src/hotspot/share/classfile/systemDictionary.cpp, line 228]
Event: 22.671 Thread 0x00000282aa6ad000 Exception <a 'java/lang/ClassNotFoundException'{0x00000000e53ae458}: org/springframework/context/annotation/ConfigurationClassEnhancer$EnhancedConfigurationCustomizer> (0x00000000e53ae458) thrown at [./open/src/hotspot/share/classfile/systemDictionary.cpp
Event: 22.674 Thread 0x00000282aa6ad000 Exception <a 'java/lang/ClassNotFoundException'{0x00000000e53ca518}: org/springframework/beans/factory/BeanFactoryAwareCustomizer> (0x00000000e53ca518) thrown at [./open/src/hotspot/share/classfile/systemDictionary.cpp, line 228]
Event: 22.676 Thread 0x00000282aa6ad000 Exception <a 'java/lang/ClassNotFoundException'{0x00000000e53e4ae0}: org/springframework/beans/factory/AwareCustomizer> (0x00000000e53e4ae0) thrown at [./open/src/hotspot/share/classfile/systemDictionary.cpp, line 228]

Events (10 events):
Event: 22.677 loading class com/brtrip/auth/domain/UserPrincipal
Event: 22.677 loading class com/brtrip/auth/domain/UserPrincipal done
Event: 22.684 loading class org/springframework/security/oauth2/core/user/OAuth2User
Event: 22.684 loading class org/springframework/security/oauth2/core/user/OAuth2User done
Event: 22.685 loading class org/springframework/security/oauth2/core/OAuth2AuthenticatedPrincipal
Event: 22.685 loading class org/springframework/security/oauth2/core/OAuth2AuthenticatedPrincipal done
Event: 22.686 loading class org/springframework/security/core/AuthenticatedPrincipal
Event: 22.686 loading class org/springframework/security/core/AuthenticatedPrincipal done
Event: 22.688 loading class com/brtrip/favorite/controller/request/FavoriteRequest
Event: 22.688 loading class com/brtrip/favorite/controller/request/FavoriteRequest done


Dynamic libraries:
0x00007ff6990b0000 - 0x00007ff6990bf000 	C:\Program Files\Java\jdk-11.0.11\bin\java.exe
0x00007ff997270000 - 0x00007ff997465000 	C:\WINDOWS\SYSTEM32\ntdll.dll
0x00007ff997170000 - 0x00007ff99722e000 	C:\WINDOWS\System32\KERNEL32.DLL
0x00007ff994f90000 - 0x00007ff995259000 	C:\WINDOWS\System32\KERNELBASE.dll
0x00007ff994c90000 - 0x00007ff994d90000 	C:\WINDOWS\System32\ucrtbase.dll
0x00007ff988230000 - 0x00007ff988248000 	C:\Program Files\Java\jdk-11.0.11\bin\jli.dll
0x00007ff988210000 - 0x00007ff988225000 	C:\Program Files\Java\jdk-11.0.11\bin\VCRUNTIME140.dll
0x00007ff996020000 - 0x00007ff9960cc000 	C:\WINDOWS\System32\ADVAPI32.dll
0x00007ff9970d0000 - 0x00007ff99716e000 	C:\WINDOWS\System32\msvcrt.dll
0x00007ff9960d0000 - 0x00007ff99616b000 	C:\WINDOWS\System32\sechost.dll
0x00007ff996f00000 - 0x00007ff99702a000 	C:\WINDOWS\System32\RPCRT4.dll
0x00007ff9967a0000 - 0x00007ff996941000 	C:\WINDOWS\System32\USER32.dll
0x00007ff994ec0000 - 0x00007ff994ee2000 	C:\WINDOWS\System32\win32u.dll
0x00007ff9970a0000 - 0x00007ff9970cb000 	C:\WINDOWS\System32\GDI32.dll
0x00007ff994af0000 - 0x00007ff994bfb000 	C:\WINDOWS\System32\gdi32full.dll
0x00007ff994ef0000 - 0x00007ff994f8d000 	C:\WINDOWS\System32\msvcp_win.dll
0x00007ff97e120000 - 0x00007ff97e3ba000 	C:\WINDOWS\WinSxS\amd64_microsoft.windows.common-controls_6595b64144ccf1df_6.0.19041.1110_none_60b5254171f9507e\COMCTL32.dll
0x00007ff986f70000 - 0x00007ff986f7a000 	C:\WINDOWS\SYSTEM32\VERSION.dll
0x00007ff996960000 - 0x00007ff996990000 	C:\WINDOWS\System32\IMM32.DLL
0x00007ff988170000 - 0x00007ff98820b000 	C:\Program Files\Java\jdk-11.0.11\bin\msvcp140.dll
0x00007ff977fe0000 - 0x00007ff978ade000 	C:\Program Files\Java\jdk-11.0.11\bin\server\jvm.dll
0x00007ff996950000 - 0x00007ff996958000 	C:\WINDOWS\System32\PSAPI.DLL
0x00007ff986f80000 - 0x00007ff986f89000 	C:\WINDOWS\SYSTEM32\WSOCK32.dll
0x00007ff997030000 - 0x00007ff99709b000 	C:\WINDOWS\System32\WS2_32.dll
0x00007ff983e80000 - 0x00007ff983ea7000 	C:\WINDOWS\SYSTEM32\WINMM.dll
0x00007ff993200000 - 0x00007ff993212000 	C:\WINDOWS\SYSTEM32\kernel.appcore.dll
0x00007ff9871b0000 - 0x00007ff9871c0000 	C:\Program Files\Java\jdk-11.0.11\bin\verify.dll
0x00007ff992ee0000 - 0x00007ff9930c4000 	C:\WINDOWS\SYSTEM32\DBGHELP.DLL
0x00007ff98cc50000 - 0x00007ff98cc7c000 	C:\WINDOWS\SYSTEM32\dbgcore.DLL
0x00007ff994c00000 - 0x00007ff994c83000 	C:\WINDOWS\System32\bcryptPrimitives.dll
0x00007ff982710000 - 0x00007ff982738000 	C:\Program Files\Java\jdk-11.0.11\bin\java.dll
0x00007ff9871a0000 - 0x00007ff9871aa000 	C:\Program Files\Java\jdk-11.0.11\bin\jimage.dll
0x00007ff975cf0000 - 0x00007ff975d06000 	C:\Program Files\Java\jdk-11.0.11\bin\zip.dll
0x00007ff9952c0000 - 0x00007ff9959ff000 	C:\WINDOWS\System32\SHELL32.dll
0x00007ff992680000 - 0x00007ff992e10000 	C:\WINDOWS\SYSTEM32\windows.storage.dll
0x00007ff996170000 - 0x00007ff9964c5000 	C:\WINDOWS\System32\combase.dll
0x00007ff994230000 - 0x00007ff99425c000 	C:\WINDOWS\SYSTEM32\Wldp.dll
0x00007ff996b70000 - 0x00007ff996c1d000 	C:\WINDOWS\System32\SHCORE.dll
0x00007ff9965f0000 - 0x00007ff996645000 	C:\WINDOWS\System32\shlwapi.dll
0x00007ff9948d0000 - 0x00007ff9948ef000 	C:\WINDOWS\SYSTEM32\profapi.dll
0x00007ff976450000 - 0x00007ff976469000 	C:\Program Files\Java\jdk-11.0.11\bin\net.dll
0x00007ff991810000 - 0x00007ff991918000 	C:\WINDOWS\SYSTEM32\WINHTTP.dll
0x00007ff994010000 - 0x00007ff99407a000 	C:\WINDOWS\system32\mswsock.dll
0x00007ff971990000 - 0x00007ff9719a2000 	C:\Program Files\Java\jdk-11.0.11\bin\nio.dll
0x00007ff994270000 - 0x00007ff994288000 	C:\WINDOWS\SYSTEM32\CRYPTSP.dll
0x00007ff9939b0000 - 0x00007ff9939e4000 	C:\WINDOWS\system32\rsaenh.dll
0x00007ff994e40000 - 0x00007ff994e67000 	C:\WINDOWS\System32\bcrypt.dll
0x00007ff994890000 - 0x00007ff9948be000 	C:\WINDOWS\SYSTEM32\USERENV.dll
0x00007ff9941a0000 - 0x00007ff9941ac000 	C:\WINDOWS\SYSTEM32\CRYPTBASE.dll
0x00007ff993d20000 - 0x00007ff993d5b000 	C:\WINDOWS\SYSTEM32\IPHLPAPI.DLL
0x00007ff996790000 - 0x00007ff996798000 	C:\WINDOWS\System32\NSI.dll
0x00007ff98db90000 - 0x00007ff98dba7000 	C:\WINDOWS\SYSTEM32\dhcpcsvc6.DLL
0x00007ff98db70000 - 0x00007ff98db8d000 	C:\WINDOWS\SYSTEM32\dhcpcsvc.DLL
0x00007ff993d60000 - 0x00007ff993e2c000 	C:\WINDOWS\SYSTEM32\DNSAPI.dll
0x00007ff96e200000 - 0x00007ff96e209000 	C:\Program Files\Java\jdk-11.0.11\bin\management.dll
0x00007ff96e1f0000 - 0x00007ff96e1fb000 	C:\Program Files\Java\jdk-11.0.11\bin\management_ext.dll
0x00007ff9826e0000 - 0x00007ff9826f7000 	C:\WINDOWS\system32\napinsp.dll
0x00007ff981b40000 - 0x00007ff981b5b000 	C:\WINDOWS\system32\pnrpnsp.dll
0x00007ff98ef00000 - 0x00007ff98ef15000 	C:\WINDOWS\system32\wshbth.dll
0x00007ff98d580000 - 0x00007ff98d59d000 	C:\WINDOWS\system32\NLAapi.dll
0x00007ff981b20000 - 0x00007ff981b32000 	C:\WINDOWS\System32\winrnr.dll
0x00007ff98cc40000 - 0x00007ff98cc4a000 	C:\Windows\System32\rasadhlp.dll
0x00007ff98c130000 - 0x00007ff98c1af000 	C:\WINDOWS\System32\fwpuclnt.dll

dbghelp: loaded successfully - version: 4.0.5 - missing functions: none
symbol engine: initialized successfully - sym options: 0x614 - pdb path: .;C:\Program Files\Java\jdk-11.0.11\bin;C:\WINDOWS\SYSTEM32;C:\WINDOWS\WinSxS\amd64_microsoft.windows.common-controls_6595b64144ccf1df_6.0.19041.1110_none_60b5254171f9507e;C:\Program Files\Java\jdk-11.0.11\bin\server

VM Arguments:
jvm_args: -Dorg.gradle.native=false -Xmx512m -Dfile.encoding=x-windows-949 -Duser.country=KR -Duser.language=ko -Duser.variant -ea 
java_command: worker.org.gradle.process.internal.worker.GradleWorkerMain 'Gradle Test Executor 1'
java_class_path (initial): C:\\Users\\Mingu\\.gradle\\caches\\6.8.3\\workerMain\\gradle-worker.jar;C:\\Users\\Mingu\\IdeaProjects\\brtrip\\build\\classes\\java\\test;C:\\Users\\Mingu\\IdeaProjects\\brtrip\\build\\classes\\kotlin\\test;C:\\Users\\Mingu\\IdeaProjects\\brtrip\\build\\resources\\test;C:\\Users\\Mingu\\IdeaProjects\\brtrip\\build\\classes\\java\\main;C:\\Users\\Mingu\\IdeaProjects\\brtrip\\build\\classes\\kotlin\\main;C:\\Users\\Mingu\\IdeaProjects\\brtrip\\build\\resources\\main;C:\\Users\\Mingu\\.gradle\\caches\\modules-2\\files-2.1\\io.jsonwebtoken\\jjwt\\0.9.1\\54d2abfc3e63a28824d35bf600d6a5d627da681a\\jjwt-0.9.1.jar;C:\\Users\\Mingu\\.gradle\\caches\\modules-2\\files-2.1\\com.google.code.gson\\gson\\2.8.6\\9180733b7df8542621dc12e21e87557e8c99b8cb\\gson-2.8.6.jar;C:\\Users\\Mingu\\.gradle\\caches\\modules-2\\files-2.1\\com.google.guava\\guava\\30.1.1-jre\\87e0fd1df874ea3cbe577702fe6f17068b790fd8\\guava-30.1.1-jre.jar;C:\\Users\\Mingu\\.gradle\\caches\\modules-2\\files-2.1\\org.springframework.boot\\spring-boot-starter-data-jpa\\2.5.0\\84f42b4c2b85d59070d1b67c7e5b35a1f62c3e82\\spring-boot-starter-data-jpa-2.5.0.jar;C:\\Users\\Mingu\\.gradle\\caches\\modules-2\\files-2.1\\org.springframework.boot\\spring-boot-starter-validation\\2.5.0\\e5822bbdd2f3aa489a787c3fc8a915daf68f84b1\\spring-boot-starter-validation-2.5.0.jar;C:\\Users\\Mingu\\.gradle\\caches\\modules-2\\files-2.1\\org.springframework.boot\\spring-boot-starter-oauth2-client\\2.5.0\\d9000f8e944af722e5d1a83c3140955cd20a6d2f\\spring-boot-starter-oauth2-client-2.5.0.jar;C:\\Users\\Mingu\\.gradle\\caches\\modules-2\\files-2.1\\org.springframework.boot\\spring-boot-starter-security\\2.5.0\\96bcecfaf37ad892d764b2909b994a34b7b2d83e\\spring-boot-starter-security-2.5.0.jar;C:\\Users\\Mingu\\.gradle\\caches\\modules-2\\files-2.1\\org.springframework.boot\\spring-boot-starter-web\\2.5.0\\3103486844ed786b6ba420971ad137658a2da803\\spring-boot-starter-web-2.5.0.jar;C:\\Users\\Mingu\\.gradle\\caches\\modules
Launcher Type: SUN_STANDARD

[Global flags]
     intx CICompilerCount                          = 4                                         {product} {ergonomic}
     uint ConcGCThreads                            = 2                                         {product} {ergonomic}
     uint G1ConcRefinementThreads                  = 8                                         {product} {ergonomic}
   size_t G1HeapRegionSize                         = 1048576                                   {product} {ergonomic}
    uintx GCDrainStackTargetSize                   = 64                                        {product} {ergonomic}
   size_t InitialHeapSize                          = 132120576                                 {product} {ergonomic}
   size_t MarkStackSize                            = 4194304                                   {product} {ergonomic}
   size_t MaxHeapSize                              = 536870912                                 {product} {command line}
   size_t MaxNewSize                               = 321912832                                 {product} {ergonomic}
   size_t MinHeapDeltaBytes                        = 1048576                                   {product} {ergonomic}
    uintx NonNMethodCodeHeapSize                   = 5836300                                {pd product} {ergonomic}
    uintx NonProfiledCodeHeapSize                  = 122910970                              {pd product} {ergonomic}
    uintx ProfiledCodeHeapSize                     = 122910970                              {pd product} {ergonomic}
    uintx ReservedCodeCacheSize                    = 251658240                              {pd product} {ergonomic}
     bool SegmentedCodeCache                       = true                                      {product} {ergonomic}
     bool UseCompressedClassPointers               = true                                 {lp64_product} {ergonomic}
     bool UseCompressedOops                        = true                                 {lp64_product} {ergonomic}
     bool UseG1GC                                  = true                                      {product} {ergonomic}
     bool UseLargePagesIndividualAllocation        = false                                  {pd product} {ergonomic}

Logging:
Log output configuration:
 #0: stdout all=warning uptime,level,tags
 #1: stderr all=off uptime,level,tags

Environment Variables:
JAVA_HOME=C:\Program Files\Java\jdk-11.0.11
CLASSPATH=C:/Users/Mingu/IdeaProjects/brtrip/gradle/wrapper/gradle-wrapper.jar
PATH=C:\Users\Mingu\bin;C:\Program Files\Git\mingw64\bin;C:\Program Files\Git\usr\local\bin;C:\Program Files\Git\usr\bin;C:\Program Files\Git\usr\bin;C:\Program Files\Git\mingw64\bin;C:\Program Files\Git\usr\bin;C:\Users\Mingu\bin;C:\Program Files\Common Files\Oracle\Java\javapath;C:\Python38\Scripts;C:\Python38;C:\app\administrator\product\11.2.0\dbhome_1\bin;C:\app\Mingu\product\18.0.0\dbhomeXE\bin;C:\Program Files (x86)\Common Files\Oracle\Java\javapath;C:\Program Files (x86)\NAT Service;C:\WINDOWS\system32;C:\WINDOWS;C:\WINDOWS\System32\Wbem;C:\WINDOWS\System32\WindowsPowerShell\v1.0;C:\WINDOWS\System32\OpenSSH;C:\Program Files\Java\jdk-11.0.11\bin;C:\Program Files\Intel\WiFi\bin;C:\Program Files\Common Files\Intel\WirelessCommon;C:\Program Files\dotnet;C:\Program Files\Microsoft SQL Server\130\Tools\Binn;C:\Program Files\MySQL\MySQL Server 5.7\bin;C:\Program Files\nodejs;C:\ProgramData\chocolatey\bin;C:\Program Files\PuTTY;C:\Users\Mingu\devtools\apache-maven-3.8.1\bin;C:\Program Files\Git\cmd;C:\Program Files\Docker\Docker\resources\bin;C:\ProgramData\DockerDesktop\version-bin;C:\Program Files\MySQL\MySQL Shell 8.0\bin;C:\Users\Mingu\AppData\Local\Programs\Python\Python36-32\Scripts;C:\Users\Mingu\AppData\Local\Programs\Python\Python36-32;C:\Users\Mingu\AppData\Local\Microsoft\WindowsApps;C:\Program Files\Bandizip;C:\Program Files\Intel\WiFi\bin;C:\Program Files\Common Files\Intel\WirelessCommon;C:\Users\Mingu\AppData\Local\Microsoft\WindowsApps;C:\Users\Mingu\AppData\Local\Programs\Microsoft VS Code\bin;C:\Users\Mingu\AppData\Roaming\npm;C:\Program Files\Git\usr\bin\vendor_perl;C:\Program Files\Git\usr\bin\core_perl
USERNAME=Mingu
SHELL=C:\Program Files\Git\usr\bin\bash.exe
DISPLAY=needs-to-be-defined
OS=Windows_NT
PROCESSOR_IDENTIFIER=Intel64 Family 6 Model 142 Stepping 10, GenuineIntel



---------------  S Y S T E M  ---------------

OS: Windows 10 , 64 bit Build 19041 (10.0.19041.1202)
Hyper-V role detected

CPU:total 8 (initial active 8) (4 cores per cpu, 2 threads per core) family 6 model 142 stepping 10 microcode 0xb4, cmov, cx8, fxsr, mmx, sse, sse2, sse3, ssse3, sse4.1, sse4.2, popcnt, avx, avx2, aes, clmul, erms, 3dnowpref, lzcnt, ht, tsc, tscinvbit, bmi1, bmi2, adx, fma

Memory: 4k page, system-wide physical 8025M (223M free)
TotalPageFile size 32601M (AvailPageFile size 5M)
current process WorkingSet (physical memory assigned to process): 297M, peak: 302M
current process commit charge ("private bytes"): 355M, peak: 361M

vm_info: Java HotSpot(TM) 64-Bit Server VM (11.0.11+9-LTS-194) for windows-amd64 JRE (11.0.11+9-LTS-194), built on Mar 18 2021 18:46:53 by "mach5one" with MS VC++ 15.9 (VS2017)

END.
